-- Install configuration: ""
-- Execute custom install script
-- Up-to-date symlink: /home/hoanglong/myrobot_ws/install/robot_model/share/robot_model/config/drive_bot.rviz
-- Up-to-date symlink: /home/hoanglong/myrobot_ws/install/robot_model/share/robot_model/config/gazebo_params.yaml
-- Up-to-date symlink: /home/hoanglong/myrobot_ws/install/robot_model/share/robot_model/config/mapper_params_online_async.yaml
-- Up-to-date symlink: /home/hoanglong/myrobot_ws/install/robot_model/share/robot_model/config/my_controllers.yaml
-- Up-to-date symlink: /home/hoanglong/myrobot_ws/install/robot_model/share/robot_model/config/nav2_params.yaml
-- Up-to-date symlink: /home/hoanglong/myrobot_ws/install/robot_model/share/robot_model/config/twist_mux.yaml
-- Up-to-date symlink: /home/hoanglong/myrobot_ws/install/robot_model/share/robot_model/description/gazebo_control.xacro
-- Up-to-date symlink: /home/hoanglong/myrobot_ws/install/robot_model/share/robot_model/description/inertial_macros.xacro
-- Up-to-date symlink: /home/hoanglong/myrobot_ws/install/robot_model/share/robot_model/description/lidar.xacro
-- Up-to-date symlink: /home/hoanglong/myrobot_ws/install/robot_model/share/robot_model/description/robot.urdf.xacro
-- Up-to-date symlink: /home/hoanglong/myrobot_ws/install/robot_model/share/robot_model/description/robot_core.xacro
-- Up-to-date symlink: /home/hoanglong/myrobot_ws/install/robot_model/share/robot_model/description/ros2_control.xacro
[33mCMake Warning (dev) at ament_cmake_symlink_install/ament_cmake_symlink_install.cmake:62 (file):
  Policy CMP0009 is not set: FILE GLOB_RECURSE calls should not follow
  symlinks by default.  Run "cmake --help-policy CMP0009" for policy details.
  Use the cmake_policy command to set the policy and suppress this warning.
Call Stack (most recent call first):
  ament_cmake_symlink_install/ament_cmake_symlink_install.cmake:314 (ament_cmake_symlink_install_directory)
  cmake_install.cmake:46 (include)
This warning is for project developers.  Use -Wno-dev to suppress it.
[0m
-- Symlinking: /home/hoanglong/myrobot_ws/install/robot_model/share/robot_model/launch/automated_nav_test.py
-- Symlinking: /home/hoanglong/myrobot_ws/install/robot_model/share/robot_model/launch/build/.built_by
-- Symlinking: /home/hoanglong/myrobot_ws/install/robot_model/share/robot_model/launch/build/COLCON_IGNORE
-- Up-to-date symlink: /home/hoanglong/myrobot_ws/install/robot_model/share/robot_model/launch/comparision.py
-- Up-to-date symlink: /home/hoanglong/myrobot_ws/install/robot_model/share/robot_model/launch/extract_gt_from_tf.py
-- Up-to-date symlink: /home/hoanglong/myrobot_ws/install/robot_model/share/robot_model/launch/extract_trajectory.py
-- Symlinking: /home/hoanglong/myrobot_ws/install/robot_model/share/robot_model/launch/install/.colcon_install_layout
-- Symlinking: /home/hoanglong/myrobot_ws/install/robot_model/share/robot_model/launch/install/COLCON_IGNORE
-- Symlinking: /home/hoanglong/myrobot_ws/install/robot_model/share/robot_model/launch/install/_local_setup_util_ps1.py
-- Symlinking: /home/hoanglong/myrobot_ws/install/robot_model/share/robot_model/launch/install/_local_setup_util_sh.py
-- Symlinking: /home/hoanglong/myrobot_ws/install/robot_model/share/robot_model/launch/install/local_setup.bash
-- Symlinking: /home/hoanglong/myrobot_ws/install/robot_model/share/robot_model/launch/install/local_setup.ps1
-- Symlinking: /home/hoanglong/myrobot_ws/install/robot_model/share/robot_model/launch/install/local_setup.sh
-- Symlinking: /home/hoanglong/myrobot_ws/install/robot_model/share/robot_model/launch/install/local_setup.zsh
-- Symlinking: /home/hoanglong/myrobot_ws/install/robot_model/share/robot_model/launch/install/setup.bash
-- Symlinking: /home/hoanglong/myrobot_ws/install/robot_model/share/robot_model/launch/install/setup.ps1
-- Symlinking: /home/hoanglong/myrobot_ws/install/robot_model/share/robot_model/launch/install/setup.sh
-- Symlinking: /home/hoanglong/myrobot_ws/install/robot_model/share/robot_model/launch/install/setup.zsh
-- Symlinking: /home/hoanglong/myrobot_ws/install/robot_model/share/robot_model/launch/log/COLCON_IGNORE
-- Symlinking: /home/hoanglong/myrobot_ws/install/robot_model/share/robot_model/launch/log/build_2025-04-25_10-33-11/events.log
-- Symlinking: /home/hoanglong/myrobot_ws/install/robot_model/share/robot_model/launch/log/build_2025-04-25_10-33-11/logger_all.log
-- Symlinking: /home/hoanglong/myrobot_ws/install/robot_model/share/robot_model/launch/log/latest/events.log
-- Symlinking: /home/hoanglong/myrobot_ws/install/robot_model/share/robot_model/launch/log/latest/logger_all.log
-- Symlinking: /home/hoanglong/myrobot_ws/install/robot_model/share/robot_model/launch/log/latest_build/events.log
-- Symlinking: /home/hoanglong/myrobot_ws/install/robot_model/share/robot_model/launch/log/latest_build/logger_all.log
-- Up-to-date symlink: /home/hoanglong/myrobot_ws/install/robot_model/share/robot_model/launch/rsp.launch.py
-- Up-to-date symlink: /home/hoanglong/myrobot_ws/install/robot_model/share/robot_model/launch/rsp_sim.launch.py
-- Up-to-date symlink: /home/hoanglong/myrobot_ws/install/robot_model/share/robot_model/launch/scale_cmd_vel.py
-- Up-to-date symlink: /home/hoanglong/myrobot_ws/install/robot_model/share/robot_model/launch/test.py
-- Up-to-date symlink: /home/hoanglong/myrobot_ws/install/robot_model/share/robot_model/worlds/empty.world
-- Up-to-date symlink: /home/hoanglong/myrobot_ws/install/robot_model/share/robot_model/worlds/hospital.world
-- Up-to-date symlink: /home/hoanglong/myrobot_ws/install/robot_model/share/robot_model/worlds/house.world
-- Up-to-date symlink: /home/hoanglong/myrobot_ws/install/robot_model/share/robot_model/worlds/map1.world
-- Up-to-date symlink: /home/hoanglong/myrobot_ws/install/robot_model/share/robot_model/worlds/map1_test1.data
-- Up-to-date symlink: /home/hoanglong/myrobot_ws/install/robot_model/share/robot_model/worlds/map1_test1.pgm
-- Up-to-date symlink: /home/hoanglong/myrobot_ws/install/robot_model/share/robot_model/worlds/map1_test1.posegraph
-- Up-to-date symlink: /home/hoanglong/myrobot_ws/install/robot_model/share/robot_model/worlds/map1_test1.yaml
-- Up-to-date symlink: /home/hoanglong/myrobot_ws/install/robot_model/share/robot_model/worlds/map1_test2.data
-- Up-to-date symlink: /home/hoanglong/myrobot_ws/install/robot_model/share/robot_model/worlds/map1_test2.pgm
-- Up-to-date symlink: /home/hoanglong/myrobot_ws/install/robot_model/share/robot_model/worlds/map1_test2.posegraph
-- Up-to-date symlink: /home/hoanglong/myrobot_ws/install/robot_model/share/robot_model/worlds/map1_test2.yaml
-- Up-to-date symlink: /home/hoanglong/myrobot_ws/install/robot_model/share/robot_model/worlds/map1_test3.data
-- Up-to-date symlink: /home/hoanglong/myrobot_ws/install/robot_model/share/robot_model/worlds/map1_test3.pgm
-- Up-to-date symlink: /home/hoanglong/myrobot_ws/install/robot_model/share/robot_model/worlds/map1_test3.posegraph
-- Up-to-date symlink: /home/hoanglong/myrobot_ws/install/robot_model/share/robot_model/worlds/map1_test3.yaml
-- Up-to-date symlink: /home/hoanglong/myrobot_ws/install/robot_model/share/robot_model/worlds/map1_test4.data
-- Up-to-date symlink: /home/hoanglong/myrobot_ws/install/robot_model/share/robot_model/worlds/map1_test4.pgm
-- Up-to-date symlink: /home/hoanglong/myrobot_ws/install/robot_model/share/robot_model/worlds/map1_test4.posegraph
-- Up-to-date symlink: /home/hoanglong/myrobot_ws/install/robot_model/share/robot_model/worlds/map1_test4.yaml
-- Up-to-date symlink: /home/hoanglong/myrobot_ws/install/robot_model/share/robot_model/worlds/map1_test5.data
-- Up-to-date symlink: /home/hoanglong/myrobot_ws/install/robot_model/share/robot_model/worlds/map1_test5.pgm
-- Up-to-date symlink: /home/hoanglong/myrobot_ws/install/robot_model/share/robot_model/worlds/map1_test5.posegraph
-- Up-to-date symlink: /home/hoanglong/myrobot_ws/install/robot_model/share/robot_model/worlds/map1_test5.yaml
-- Up-to-date symlink: /home/hoanglong/myrobot_ws/install/robot_model/share/robot_model/worlds/map1_test6.data
-- Up-to-date symlink: /home/hoanglong/myrobot_ws/install/robot_model/share/robot_model/worlds/map1_test6.pgm
-- Up-to-date symlink: /home/hoanglong/myrobot_ws/install/robot_model/share/robot_model/worlds/map1_test6.posegraph
-- Up-to-date symlink: /home/hoanglong/myrobot_ws/install/robot_model/share/robot_model/worlds/map1_test6.yaml
-- Up-to-date symlink: /home/hoanglong/myrobot_ws/install/robot_model/share/robot_model/worlds/map1_test7.data
-- Up-to-date symlink: /home/hoanglong/myrobot_ws/install/robot_model/share/robot_model/worlds/map1_test7.pgm
-- Up-to-date symlink: /home/hoanglong/myrobot_ws/install/robot_model/share/robot_model/worlds/map1_test7.posegraph
-- Up-to-date symlink: /home/hoanglong/myrobot_ws/install/robot_model/share/robot_model/worlds/map1_test7.yaml
-- Up-to-date symlink: /home/hoanglong/myrobot_ws/install/robot_model/share/robot_model/worlds/map1_test8.data
-- Up-to-date symlink: /home/hoanglong/myrobot_ws/install/robot_model/share/robot_model/worlds/map1_test8.pgm
-- Up-to-date symlink: /home/hoanglong/myrobot_ws/install/robot_model/share/robot_model/worlds/map1_test8.posegraph
-- Up-to-date symlink: /home/hoanglong/myrobot_ws/install/robot_model/share/robot_model/worlds/map1_test8.yaml
-- Up-to-date symlink: /home/hoanglong/myrobot_ws/install/robot_model/share/robot_model/worlds/map1_test9.data
-- Up-to-date symlink: /home/hoanglong/myrobot_ws/install/robot_model/share/robot_model/worlds/map1_test9.pgm
-- Up-to-date symlink: /home/hoanglong/myrobot_ws/install/robot_model/share/robot_model/worlds/map1_test9.posegraph
-- Up-to-date symlink: /home/hoanglong/myrobot_ws/install/robot_model/share/robot_model/worlds/map1_test9.yaml
-- Up-to-date symlink: /home/hoanglong/myrobot_ws/install/robot_model/share/robot_model/worlds/map2.world
-- Up-to-date symlink: /home/hoanglong/myrobot_ws/install/robot_model/share/robot_model/worlds/obstacle.world
-- Up-to-date symlink: /home/hoanglong/myrobot_ws/install/robot_model/share/ament_index/resource_index/package_run_dependencies/robot_model
-- Up-to-date symlink: /home/hoanglong/myrobot_ws/install/robot_model/share/ament_index/resource_index/parent_prefix_path/robot_model
-- Up-to-date symlink: /home/hoanglong/myrobot_ws/install/robot_model/share/robot_model/environment/ament_prefix_path.sh
-- Up-to-date symlink: /home/hoanglong/myrobot_ws/install/robot_model/share/robot_model/environment/ament_prefix_path.dsv
-- Up-to-date symlink: /home/hoanglong/myrobot_ws/install/robot_model/share/robot_model/environment/path.sh
-- Up-to-date symlink: /home/hoanglong/myrobot_ws/install/robot_model/share/robot_model/environment/path.dsv
-- Up-to-date symlink: /home/hoanglong/myrobot_ws/install/robot_model/share/robot_model/local_setup.bash
-- Up-to-date symlink: /home/hoanglong/myrobot_ws/install/robot_model/share/robot_model/local_setup.sh
-- Up-to-date symlink: /home/hoanglong/myrobot_ws/install/robot_model/share/robot_model/local_setup.zsh
-- Up-to-date symlink: /home/hoanglong/myrobot_ws/install/robot_model/share/robot_model/local_setup.dsv
-- Symlinking: /home/hoanglong/myrobot_ws/install/robot_model/share/robot_model/package.dsv
-- Up-to-date symlink: /home/hoanglong/myrobot_ws/install/robot_model/share/ament_index/resource_index/packages/robot_model
-- Up-to-date symlink: /home/hoanglong/myrobot_ws/install/robot_model/share/robot_model/cmake/robot_modelConfig.cmake
-- Up-to-date symlink: /home/hoanglong/myrobot_ws/install/robot_model/share/robot_model/cmake/robot_modelConfig-version.cmake
-- Up-to-date symlink: /home/hoanglong/myrobot_ws/install/robot_model/share/robot_model/package.xml
