[0.077s] DEBUG:colcon:Command line arguments: ['/usr/bin/colcon', 'build', '--symlink-install']
[0.077s] DEBUG:colcon:Parsed command line arguments: Namespace(log_base=None, log_level=None, verb_name='build', build_base='build', install_base='install', merge_install=False, symlink_install=True, test_result_base=None, continue_on_error=False, executor='parallel', parallel_workers=2, event_handlers=None, ignore_user_meta=False, metas=['./colcon.meta'], base_paths=['.'], packages_ignore=None, packages_ignore_regex=None, paths=None, packages_up_to=None, packages_up_to_regex=None, packages_above=None, packages_above_and_dependencies=None, packages_above_depth=None, packages_select_by_dep=None, packages_skip_by_dep=None, packages_skip_up_to=None, packages_select_build_failed=False, packages_skip_build_finished=False, packages_select_test_failures=False, packages_skip_test_passed=False, packages_select=None, packages_skip=None, packages_select_regex=None, packages_skip_regex=None, packages_start=None, packages_end=None, allow_overriding=[], cmake_args=None, cmake_target=None, cmake_target_skip_unavailable=False, cmake_clean_cache=False, cmake_clean_first=False, cmake_force_configure=False, ament_cmake_args=None, catkin_cmake_args=None, catkin_skip_building_tests=False, mixin_files=None, mixin=None, verb_parser=<colcon_mixin.mixin.mixin_argument.MixinArgumentDecorator object at 0x7a594704f760>, verb_extension=<colcon_core.verb.build.BuildVerb object at 0x7a59471a4640>, main=<bound method BuildVerb.main of <colcon_core.verb.build.BuildVerb object at 0x7a59471a4640>>, mixin_verb=('build',))
[0.197s] Level 1:colcon.colcon_core.package_discovery:discover_packages(colcon_meta) check parameters
[0.197s] Level 1:colcon.colcon_core.package_discovery:discover_packages(recursive) check parameters
[0.197s] Level 1:colcon.colcon_core.package_discovery:discover_packages(ignore) check parameters
[0.197s] Level 1:colcon.colcon_core.package_discovery:discover_packages(path) check parameters
[0.197s] Level 1:colcon.colcon_core.package_discovery:discover_packages(colcon_meta) discover
[0.197s] Level 1:colcon.colcon_core.package_discovery:discover_packages(recursive) discover
[0.197s] INFO:colcon.colcon_core.package_discovery:Crawling recursively for packages in '/home/hoanglong/myrobot_ws'
[0.197s] Level 1:colcon.colcon_core.package_identification:_identify(.) by extensions ['ignore', 'ignore_ament_install']
[0.197s] Level 1:colcon.colcon_core.package_identification:_identify(.) by extension 'ignore'
[0.197s] Level 1:colcon.colcon_core.package_identification:_identify(.) by extension 'ignore_ament_install'
[0.197s] Level 1:colcon.colcon_core.package_identification:_identify(.) by extensions ['colcon_pkg']
[0.197s] Level 1:colcon.colcon_core.package_identification:_identify(.) by extension 'colcon_pkg'
[0.197s] Level 1:colcon.colcon_core.package_identification:_identify(.) by extensions ['colcon_meta']
[0.197s] Level 1:colcon.colcon_core.package_identification:_identify(.) by extension 'colcon_meta'
[0.197s] Level 1:colcon.colcon_core.package_identification:_identify(.) by extensions ['ros']
[0.197s] Level 1:colcon.colcon_core.package_identification:_identify(.) by extension 'ros'
[0.205s] Level 1:colcon.colcon_core.package_identification:_identify(.) by extensions ['cmake', 'python']
[0.205s] Level 1:colcon.colcon_core.package_identification:_identify(.) by extension 'cmake'
[0.205s] Level 1:colcon.colcon_core.package_identification:_identify(.) by extension 'python'
[0.205s] Level 1:colcon.colcon_core.package_identification:_identify(.) by extensions ['python_setup_py']
[0.205s] Level 1:colcon.colcon_core.package_identification:_identify(.) by extension 'python_setup_py'
[0.205s] Level 1:colcon.colcon_core.package_identification:_identify(build) by extensions ['ignore', 'ignore_ament_install']
[0.205s] Level 1:colcon.colcon_core.package_identification:_identify(build) by extension 'ignore'
[0.205s] Level 1:colcon.colcon_core.package_identification:_identify(build) ignored
[0.205s] Level 1:colcon.colcon_core.package_identification:_identify(install) by extensions ['ignore', 'ignore_ament_install']
[0.205s] Level 1:colcon.colcon_core.package_identification:_identify(install) by extension 'ignore'
[0.205s] Level 1:colcon.colcon_core.package_identification:_identify(install) ignored
[0.205s] Level 1:colcon.colcon_core.package_identification:_identify(log) by extensions ['ignore', 'ignore_ament_install']
[0.205s] Level 1:colcon.colcon_core.package_identification:_identify(log) by extension 'ignore'
[0.205s] Level 1:colcon.colcon_core.package_identification:_identify(log) ignored
[0.205s] Level 1:colcon.colcon_core.package_identification:_identify(src) by extensions ['ignore', 'ignore_ament_install']
[0.205s] Level 1:colcon.colcon_core.package_identification:_identify(src) by extension 'ignore'
[0.205s] Level 1:colcon.colcon_core.package_identification:_identify(src) by extension 'ignore_ament_install'
[0.205s] Level 1:colcon.colcon_core.package_identification:_identify(src) by extensions ['colcon_pkg']
[0.205s] Level 1:colcon.colcon_core.package_identification:_identify(src) by extension 'colcon_pkg'
[0.205s] Level 1:colcon.colcon_core.package_identification:_identify(src) by extensions ['colcon_meta']
[0.206s] Level 1:colcon.colcon_core.package_identification:_identify(src) by extension 'colcon_meta'
[0.206s] Level 1:colcon.colcon_core.package_identification:_identify(src) by extensions ['ros']
[0.206s] Level 1:colcon.colcon_core.package_identification:_identify(src) by extension 'ros'
[0.206s] Level 1:colcon.colcon_core.package_identification:_identify(src) by extensions ['cmake', 'python']
[0.206s] Level 1:colcon.colcon_core.package_identification:_identify(src) by extension 'cmake'
[0.206s] Level 1:colcon.colcon_core.package_identification:_identify(src) by extension 'python'
[0.206s] Level 1:colcon.colcon_core.package_identification:_identify(src) by extensions ['python_setup_py']
[0.206s] Level 1:colcon.colcon_core.package_identification:_identify(src) by extension 'python_setup_py'
[0.206s] Level 1:colcon.colcon_core.package_identification:_identify(src/robot_model) by extensions ['ignore', 'ignore_ament_install']
[0.206s] Level 1:colcon.colcon_core.package_identification:_identify(src/robot_model) by extension 'ignore'
[0.206s] Level 1:colcon.colcon_core.package_identification:_identify(src/robot_model) by extension 'ignore_ament_install'
[0.206s] Level 1:colcon.colcon_core.package_identification:_identify(src/robot_model) by extensions ['colcon_pkg']
[0.206s] Level 1:colcon.colcon_core.package_identification:_identify(src/robot_model) by extension 'colcon_pkg'
[0.206s] Level 1:colcon.colcon_core.package_identification:_identify(src/robot_model) by extensions ['colcon_meta']
[0.206s] Level 1:colcon.colcon_core.package_identification:_identify(src/robot_model) by extension 'colcon_meta'
[0.206s] Level 1:colcon.colcon_core.package_identification:_identify(src/robot_model) by extensions ['ros']
[0.206s] Level 1:colcon.colcon_core.package_identification:_identify(src/robot_model) by extension 'ros'
[0.207s] DEBUG:colcon.colcon_core.package_identification:Package 'src/robot_model' with type 'ros.ament_cmake' and name 'robot_model'
[0.207s] Level 1:colcon.colcon_core.package_discovery:discover_packages(recursive) using defaults
[0.208s] Level 1:colcon.colcon_core.package_discovery:discover_packages(ignore) discover
[0.208s] Level 1:colcon.colcon_core.package_discovery:discover_packages(ignore) using defaults
[0.208s] Level 1:colcon.colcon_core.package_discovery:discover_packages(path) discover
[0.208s] Level 1:colcon.colcon_core.package_discovery:discover_packages(path) using defaults
[0.228s] Level 1:colcon.colcon_core.package_discovery:discover_packages(prefix_path) check parameters
[0.228s] Level 1:colcon.colcon_core.package_discovery:discover_packages(prefix_path) discover
[0.230s] DEBUG:colcon.colcon_installed_package_information.package_discovery:Found 1 installed packages in /home/hoanglong/myrobot_ws/install
[0.230s] DEBUG:colcon.colcon_installed_package_information.package_discovery:Found 3 installed packages in /home/hoanglong/ros2_ws/install
[0.231s] DEBUG:colcon.colcon_installed_package_information.package_discovery:Found 15 installed packages in /home/hoanglong/turtlebot3_ws/install
[0.231s] DEBUG:colcon.colcon_installed_package_information.package_discovery:Found 1 installed packages in /home/hoanglong/my_ws/install
[0.231s] DEBUG:colcon.colcon_installed_package_information.package_discovery:Found 1 installed packages in /home/hoanglong/robotmodel_ws/install
[0.232s] DEBUG:colcon.colcon_installed_package_information.package_discovery:Found 367 installed packages in /opt/ros/humble
[0.233s] Level 1:colcon.colcon_core.package_discovery:discover_packages(prefix_path) using defaults
[0.266s] Level 5:colcon.colcon_core.verb:set package 'robot_model' build argument 'cmake_args' from command line to 'None'
[0.266s] Level 5:colcon.colcon_core.verb:set package 'robot_model' build argument 'cmake_target' from command line to 'None'
[0.266s] Level 5:colcon.colcon_core.verb:set package 'robot_model' build argument 'cmake_target_skip_unavailable' from command line to 'False'
[0.266s] Level 5:colcon.colcon_core.verb:set package 'robot_model' build argument 'cmake_clean_cache' from command line to 'False'
[0.266s] Level 5:colcon.colcon_core.verb:set package 'robot_model' build argument 'cmake_clean_first' from command line to 'False'
[0.266s] Level 5:colcon.colcon_core.verb:set package 'robot_model' build argument 'cmake_force_configure' from command line to 'False'
[0.266s] Level 5:colcon.colcon_core.verb:set package 'robot_model' build argument 'ament_cmake_args' from command line to 'None'
[0.266s] Level 5:colcon.colcon_core.verb:set package 'robot_model' build argument 'catkin_cmake_args' from command line to 'None'
[0.266s] Level 5:colcon.colcon_core.verb:set package 'robot_model' build argument 'catkin_skip_building_tests' from command line to 'False'
[0.266s] DEBUG:colcon.colcon_core.verb:Building package 'robot_model' with the following arguments: {'ament_cmake_args': None, 'build_base': '/home/hoanglong/myrobot_ws/build/robot_model', 'catkin_cmake_args': None, 'catkin_skip_building_tests': False, 'cmake_args': None, 'cmake_clean_cache': False, 'cmake_clean_first': False, 'cmake_force_configure': False, 'cmake_target': None, 'cmake_target_skip_unavailable': False, 'install_base': '/home/hoanglong/myrobot_ws/install/robot_model', 'merge_install': False, 'path': '/home/hoanglong/myrobot_ws/src/robot_model', 'symlink_install': True, 'test_result_base': None}
[0.266s] INFO:colcon.colcon_core.executor:Executing jobs using 'parallel' executor
[0.267s] DEBUG:colcon.colcon_parallel_executor.executor.parallel:run_until_complete
[0.267s] INFO:colcon.colcon_ros.task.ament_cmake.build:Building ROS package in '/home/hoanglong/myrobot_ws/src/robot_model' with build type 'ament_cmake'
[0.267s] INFO:colcon.colcon_cmake.task.cmake.build:Building CMake package in '/home/hoanglong/myrobot_ws/src/robot_model'
[0.269s] INFO:colcon.colcon_core.plugin_system:Skipping extension 'colcon_core.shell.bat': Not used on non-Windows systems
[0.269s] INFO:colcon.colcon_core.shell:Skip shell extension 'powershell' for command environment: Not usable outside of PowerShell
[0.269s] DEBUG:colcon.colcon_core.shell:Skip shell extension 'dsv' for command environment
[0.283s] DEBUG:colcon.colcon_core.event_handler.log_command:Invoking command in '/home/hoanglong/myrobot_ws/build/robot_model': CMAKE_PREFIX_PATH=${CMAKE_PREFIX_PATH}:/home/hoanglong/turtlebot3_ws/install/turtlebot3_teleop:/home/hoanglong/turtlebot3_ws/install/turtlebot3_example:/home/hoanglong/my_ws/install/my_robot:/opt/ros/humble /usr/bin/cmake --build /home/hoanglong/myrobot_ws/build/robot_model -- -j2 -l2
[0.330s] DEBUG:colcon.colcon_core.event_handler.log_command:Invoked command in '/home/hoanglong/myrobot_ws/build/robot_model' returned '0': CMAKE_PREFIX_PATH=${CMAKE_PREFIX_PATH}:/home/hoanglong/turtlebot3_ws/install/turtlebot3_teleop:/home/hoanglong/turtlebot3_ws/install/turtlebot3_example:/home/hoanglong/my_ws/install/my_robot:/opt/ros/humble /usr/bin/cmake --build /home/hoanglong/myrobot_ws/build/robot_model -- -j2 -l2
[0.342s] DEBUG:colcon.colcon_core.event_handler.log_command:Invoking command in '/home/hoanglong/myrobot_ws/build/robot_model': CMAKE_PREFIX_PATH=${CMAKE_PREFIX_PATH}:/home/hoanglong/turtlebot3_ws/install/turtlebot3_teleop:/home/hoanglong/turtlebot3_ws/install/turtlebot3_example:/home/hoanglong/my_ws/install/my_robot:/opt/ros/humble /usr/bin/cmake --install /home/hoanglong/myrobot_ws/build/robot_model
[0.362s] Level 1:colcon.colcon_core.environment:create_environment_scripts_only(robot_model)
[0.363s] DEBUG:colcon.colcon_core.event_handler.log_command:Invoked command in '/home/hoanglong/myrobot_ws/build/robot_model' returned '0': CMAKE_PREFIX_PATH=${CMAKE_PREFIX_PATH}:/home/hoanglong/turtlebot3_ws/install/turtlebot3_teleop:/home/hoanglong/turtlebot3_ws/install/turtlebot3_example:/home/hoanglong/my_ws/install/my_robot:/opt/ros/humble /usr/bin/cmake --install /home/hoanglong/myrobot_ws/build/robot_model
[0.364s] Level 1:colcon.colcon_core.environment:checking '/home/hoanglong/myrobot_ws/install/robot_model' for CMake module files
[0.364s] Level 1:colcon.colcon_core.environment:checking '/home/hoanglong/myrobot_ws/install/robot_model' for CMake config files
[0.365s] Level 1:colcon.colcon_core.shell:create_environment_hook('robot_model', 'cmake_prefix_path')
[0.365s] INFO:colcon.colcon_core.shell:Creating environment hook '/home/hoanglong/myrobot_ws/install/robot_model/share/robot_model/hook/cmake_prefix_path.ps1'
[0.365s] INFO:colcon.colcon_core.shell:Creating environment descriptor '/home/hoanglong/myrobot_ws/install/robot_model/share/robot_model/hook/cmake_prefix_path.dsv'
[0.366s] INFO:colcon.colcon_core.shell:Creating environment hook '/home/hoanglong/myrobot_ws/install/robot_model/share/robot_model/hook/cmake_prefix_path.sh'
[0.366s] Level 1:colcon.colcon_core.environment:checking '/home/hoanglong/myrobot_ws/install/robot_model/bin'
[0.366s] Level 1:colcon.colcon_core.environment:checking '/home/hoanglong/myrobot_ws/install/robot_model/lib/pkgconfig/robot_model.pc'
[0.367s] Level 1:colcon.colcon_core.environment:checking '/home/hoanglong/myrobot_ws/install/robot_model/lib/python3.10/site-packages'
[0.367s] Level 1:colcon.colcon_core.environment:checking '/home/hoanglong/myrobot_ws/install/robot_model/bin'
[0.367s] INFO:colcon.colcon_core.shell:Creating package script '/home/hoanglong/myrobot_ws/install/robot_model/share/robot_model/package.ps1'
[0.368s] INFO:colcon.colcon_core.shell:Creating package descriptor '/home/hoanglong/myrobot_ws/install/robot_model/share/robot_model/package.dsv'
[0.368s] INFO:colcon.colcon_core.shell:Creating package script '/home/hoanglong/myrobot_ws/install/robot_model/share/robot_model/package.sh'
[0.368s] INFO:colcon.colcon_core.shell:Creating package script '/home/hoanglong/myrobot_ws/install/robot_model/share/robot_model/package.bash'
[0.369s] INFO:colcon.colcon_core.shell:Creating package script '/home/hoanglong/myrobot_ws/install/robot_model/share/robot_model/package.zsh'
[0.369s] Level 1:colcon.colcon_core.environment:create_file_with_runtime_dependencies(/home/hoanglong/myrobot_ws/install/robot_model/share/colcon-core/packages/robot_model)
[0.370s] Level 1:colcon.colcon_core.environment:create_environment_scripts_only(robot_model)
[0.370s] Level 1:colcon.colcon_core.environment:checking '/home/hoanglong/myrobot_ws/install/robot_model' for CMake module files
[0.370s] Level 1:colcon.colcon_core.environment:checking '/home/hoanglong/myrobot_ws/install/robot_model' for CMake config files
[0.370s] Level 1:colcon.colcon_core.shell:create_environment_hook('robot_model', 'cmake_prefix_path')
[0.371s] INFO:colcon.colcon_core.shell:Creating environment hook '/home/hoanglong/myrobot_ws/install/robot_model/share/robot_model/hook/cmake_prefix_path.ps1'
[0.371s] INFO:colcon.colcon_core.shell:Creating environment descriptor '/home/hoanglong/myrobot_ws/install/robot_model/share/robot_model/hook/cmake_prefix_path.dsv'
[0.371s] INFO:colcon.colcon_core.shell:Creating environment hook '/home/hoanglong/myrobot_ws/install/robot_model/share/robot_model/hook/cmake_prefix_path.sh'
[0.372s] Level 1:colcon.colcon_core.environment:checking '/home/hoanglong/myrobot_ws/install/robot_model/bin'
[0.372s] Level 1:colcon.colcon_core.environment:checking '/home/hoanglong/myrobot_ws/install/robot_model/lib/pkgconfig/robot_model.pc'
[0.372s] Level 1:colcon.colcon_core.environment:checking '/home/hoanglong/myrobot_ws/install/robot_model/lib/python3.10/site-packages'
[0.372s] Level 1:colcon.colcon_core.environment:checking '/home/hoanglong/myrobot_ws/install/robot_model/bin'
[0.372s] INFO:colcon.colcon_core.shell:Creating package script '/home/hoanglong/myrobot_ws/install/robot_model/share/robot_model/package.ps1'
[0.372s] INFO:colcon.colcon_core.shell:Creating package descriptor '/home/hoanglong/myrobot_ws/install/robot_model/share/robot_model/package.dsv'
[0.373s] INFO:colcon.colcon_core.shell:Creating package script '/home/hoanglong/myrobot_ws/install/robot_model/share/robot_model/package.sh'
[0.373s] INFO:colcon.colcon_core.shell:Creating package script '/home/hoanglong/myrobot_ws/install/robot_model/share/robot_model/package.bash'
[0.373s] INFO:colcon.colcon_core.shell:Creating package script '/home/hoanglong/myrobot_ws/install/robot_model/share/robot_model/package.zsh'
[0.374s] Level 1:colcon.colcon_core.environment:create_file_with_runtime_dependencies(/home/hoanglong/myrobot_ws/install/robot_model/share/colcon-core/packages/robot_model)
[0.374s] DEBUG:colcon.colcon_parallel_executor.executor.parallel:closing loop
[0.374s] DEBUG:colcon.colcon_parallel_executor.executor.parallel:loop closed
[0.375s] DEBUG:colcon.colcon_parallel_executor.executor.parallel:run_until_complete finished with '0'
[0.375s] DEBUG:colcon.colcon_core.event_reactor:joining thread
[0.378s] INFO:colcon.colcon_core.plugin_system:Skipping extension 'colcon_notification.desktop_notification.terminal_notifier': Not used on non-Darwin systems
[0.378s] INFO:colcon.colcon_core.plugin_system:Skipping extension 'colcon_notification.desktop_notification.win32': Not used on non-Windows systems
[0.379s] INFO:colcon.colcon_notification.desktop_notification:Sending desktop notification using 'notify2'
[0.394s] DEBUG:colcon.colcon_core.event_reactor:joined thread
[0.394s] INFO:colcon.colcon_core.shell:Creating prefix script '/home/hoanglong/myrobot_ws/install/local_setup.ps1'
[0.395s] INFO:colcon.colcon_core.shell:Creating prefix util module '/home/hoanglong/myrobot_ws/install/_local_setup_util_ps1.py'
[0.396s] INFO:colcon.colcon_core.shell:Creating prefix chain script '/home/hoanglong/myrobot_ws/install/setup.ps1'
[0.398s] INFO:colcon.colcon_core.shell:Creating prefix script '/home/hoanglong/myrobot_ws/install/local_setup.sh'
[0.398s] INFO:colcon.colcon_core.shell:Creating prefix util module '/home/hoanglong/myrobot_ws/install/_local_setup_util_sh.py'
[0.399s] INFO:colcon.colcon_core.shell:Creating prefix chain script '/home/hoanglong/myrobot_ws/install/setup.sh'
[0.400s] INFO:colcon.colcon_core.shell:Creating prefix script '/home/hoanglong/myrobot_ws/install/local_setup.bash'
[0.400s] INFO:colcon.colcon_core.shell:Creating prefix chain script '/home/hoanglong/myrobot_ws/install/setup.bash'
[0.402s] INFO:colcon.colcon_core.shell:Creating prefix script '/home/hoanglong/myrobot_ws/install/local_setup.zsh'
[0.402s] INFO:colcon.colcon_core.shell:Creating prefix chain script '/home/hoanglong/myrobot_ws/install/setup.zsh'
