[0.145s] DEBUG:colcon:Command line arguments: ['/usr/bin/colcon', 'build', '--symlink-install']
[0.145s] DEBUG:colcon:Parsed command line arguments: Namespace(log_base=None, log_level=None, verb_name='build', build_base='build', install_base='install', merge_install=False, symlink_install=True, test_result_base=None, continue_on_error=False, executor='parallel', parallel_workers=2, event_handlers=None, ignore_user_meta=False, metas=['./colcon.meta'], base_paths=['.'], packages_ignore=None, packages_ignore_regex=None, paths=None, packages_up_to=None, packages_up_to_regex=None, packages_above=None, packages_above_and_dependencies=None, packages_above_depth=None, packages_select_by_dep=None, packages_skip_by_dep=None, packages_skip_up_to=None, packages_select_build_failed=False, packages_skip_build_finished=False, packages_select_test_failures=False, packages_skip_test_passed=False, packages_select=None, packages_skip=None, packages_select_regex=None, packages_skip_regex=None, packages_start=None, packages_end=None, allow_overriding=[], cmake_args=None, cmake_target=None, cmake_target_skip_unavailable=False, cmake_clean_cache=False, cmake_clean_first=False, cmake_force_configure=False, ament_cmake_args=None, catkin_cmake_args=None, catkin_skip_building_tests=False, mixin_files=None, mixin=None, verb_parser=<colcon_mixin.mixin.mixin_argument.MixinArgumentDecorator object at 0x748e30b88340>, verb_extension=<colcon_core.verb.build.BuildVerb object at 0x748e30c992a0>, main=<bound method BuildVerb.main of <colcon_core.verb.build.BuildVerb object at 0x748e30c992a0>>, mixin_verb=('build',))
[0.296s] Level 1:colcon.colcon_core.package_discovery:discover_packages(colcon_meta) check parameters
[0.297s] Level 1:colcon.colcon_core.package_discovery:discover_packages(recursive) check parameters
[0.297s] Level 1:colcon.colcon_core.package_discovery:discover_packages(ignore) check parameters
[0.297s] Level 1:colcon.colcon_core.package_discovery:discover_packages(path) check parameters
[0.297s] Level 1:colcon.colcon_core.package_discovery:discover_packages(colcon_meta) discover
[0.297s] Level 1:colcon.colcon_core.package_discovery:discover_packages(recursive) discover
[0.297s] INFO:colcon.colcon_core.package_discovery:Crawling recursively for packages in '/home/hoanglong/myrobot_ws'
[0.297s] Level 1:colcon.colcon_core.package_identification:_identify(.) by extensions ['ignore', 'ignore_ament_install']
[0.297s] Level 1:colcon.colcon_core.package_identification:_identify(.) by extension 'ignore'
[0.297s] Level 1:colcon.colcon_core.package_identification:_identify(.) by extension 'ignore_ament_install'
[0.297s] Level 1:colcon.colcon_core.package_identification:_identify(.) by extensions ['colcon_pkg']
[0.297s] Level 1:colcon.colcon_core.package_identification:_identify(.) by extension 'colcon_pkg'
[0.297s] Level 1:colcon.colcon_core.package_identification:_identify(.) by extensions ['colcon_meta']
[0.297s] Level 1:colcon.colcon_core.package_identification:_identify(.) by extension 'colcon_meta'
[0.297s] Level 1:colcon.colcon_core.package_identification:_identify(.) by extensions ['ros']
[0.297s] Level 1:colcon.colcon_core.package_identification:_identify(.) by extension 'ros'
[0.305s] Level 1:colcon.colcon_core.package_identification:_identify(.) by extensions ['cmake', 'python']
[0.305s] Level 1:colcon.colcon_core.package_identification:_identify(.) by extension 'cmake'
[0.305s] Level 1:colcon.colcon_core.package_identification:_identify(.) by extension 'python'
[0.305s] Level 1:colcon.colcon_core.package_identification:_identify(.) by extensions ['python_setup_py']
[0.305s] Level 1:colcon.colcon_core.package_identification:_identify(.) by extension 'python_setup_py'
[0.305s] Level 1:colcon.colcon_core.package_identification:_identify(build) by extensions ['ignore', 'ignore_ament_install']
[0.305s] Level 1:colcon.colcon_core.package_identification:_identify(build) by extension 'ignore'
[0.305s] Level 1:colcon.colcon_core.package_identification:_identify(build) ignored
[0.305s] Level 1:colcon.colcon_core.package_identification:_identify(install) by extensions ['ignore', 'ignore_ament_install']
[0.305s] Level 1:colcon.colcon_core.package_identification:_identify(install) by extension 'ignore'
[0.305s] Level 1:colcon.colcon_core.package_identification:_identify(install) ignored
[0.306s] Level 1:colcon.colcon_core.package_identification:_identify(log) by extensions ['ignore', 'ignore_ament_install']
[0.306s] Level 1:colcon.colcon_core.package_identification:_identify(log) by extension 'ignore'
[0.306s] Level 1:colcon.colcon_core.package_identification:_identify(log) ignored
[0.306s] Level 1:colcon.colcon_core.package_identification:_identify(slam_run) by extensions ['ignore', 'ignore_ament_install']
[0.306s] Level 1:colcon.colcon_core.package_identification:_identify(slam_run) by extension 'ignore'
[0.306s] Level 1:colcon.colcon_core.package_identification:_identify(slam_run) by extension 'ignore_ament_install'
[0.306s] Level 1:colcon.colcon_core.package_identification:_identify(slam_run) by extensions ['colcon_pkg']
[0.306s] Level 1:colcon.colcon_core.package_identification:_identify(slam_run) by extension 'colcon_pkg'
[0.306s] Level 1:colcon.colcon_core.package_identification:_identify(slam_run) by extensions ['colcon_meta']
[0.306s] Level 1:colcon.colcon_core.package_identification:_identify(slam_run) by extension 'colcon_meta'
[0.306s] Level 1:colcon.colcon_core.package_identification:_identify(slam_run) by extensions ['ros']
[0.306s] Level 1:colcon.colcon_core.package_identification:_identify(slam_run) by extension 'ros'
[0.306s] Level 1:colcon.colcon_core.package_identification:_identify(slam_run) by extensions ['cmake', 'python']
[0.306s] Level 1:colcon.colcon_core.package_identification:_identify(slam_run) by extension 'cmake'
[0.306s] Level 1:colcon.colcon_core.package_identification:_identify(slam_run) by extension 'python'
[0.306s] Level 1:colcon.colcon_core.package_identification:_identify(slam_run) by extensions ['python_setup_py']
[0.306s] Level 1:colcon.colcon_core.package_identification:_identify(slam_run) by extension 'python_setup_py'
[0.306s] Level 1:colcon.colcon_core.package_identification:_identify(slam_run11) by extensions ['ignore', 'ignore_ament_install']
[0.306s] Level 1:colcon.colcon_core.package_identification:_identify(slam_run11) by extension 'ignore'
[0.306s] Level 1:colcon.colcon_core.package_identification:_identify(slam_run11) by extension 'ignore_ament_install'
[0.306s] Level 1:colcon.colcon_core.package_identification:_identify(slam_run11) by extensions ['colcon_pkg']
[0.306s] Level 1:colcon.colcon_core.package_identification:_identify(slam_run11) by extension 'colcon_pkg'
[0.306s] Level 1:colcon.colcon_core.package_identification:_identify(slam_run11) by extensions ['colcon_meta']
[0.306s] Level 1:colcon.colcon_core.package_identification:_identify(slam_run11) by extension 'colcon_meta'
[0.306s] Level 1:colcon.colcon_core.package_identification:_identify(slam_run11) by extensions ['ros']
[0.306s] Level 1:colcon.colcon_core.package_identification:_identify(slam_run11) by extension 'ros'
[0.306s] Level 1:colcon.colcon_core.package_identification:_identify(slam_run11) by extensions ['cmake', 'python']
[0.306s] Level 1:colcon.colcon_core.package_identification:_identify(slam_run11) by extension 'cmake'
[0.306s] Level 1:colcon.colcon_core.package_identification:_identify(slam_run11) by extension 'python'
[0.306s] Level 1:colcon.colcon_core.package_identification:_identify(slam_run11) by extensions ['python_setup_py']
[0.306s] Level 1:colcon.colcon_core.package_identification:_identify(slam_run11) by extension 'python_setup_py'
[0.307s] Level 1:colcon.colcon_core.package_identification:_identify(slam_run2) by extensions ['ignore', 'ignore_ament_install']
[0.307s] Level 1:colcon.colcon_core.package_identification:_identify(slam_run2) by extension 'ignore'
[0.307s] Level 1:colcon.colcon_core.package_identification:_identify(slam_run2) by extension 'ignore_ament_install'
[0.307s] Level 1:colcon.colcon_core.package_identification:_identify(slam_run2) by extensions ['colcon_pkg']
[0.307s] Level 1:colcon.colcon_core.package_identification:_identify(slam_run2) by extension 'colcon_pkg'
[0.307s] Level 1:colcon.colcon_core.package_identification:_identify(slam_run2) by extensions ['colcon_meta']
[0.307s] Level 1:colcon.colcon_core.package_identification:_identify(slam_run2) by extension 'colcon_meta'
[0.307s] Level 1:colcon.colcon_core.package_identification:_identify(slam_run2) by extensions ['ros']
[0.307s] Level 1:colcon.colcon_core.package_identification:_identify(slam_run2) by extension 'ros'
[0.307s] Level 1:colcon.colcon_core.package_identification:_identify(slam_run2) by extensions ['cmake', 'python']
[0.307s] Level 1:colcon.colcon_core.package_identification:_identify(slam_run2) by extension 'cmake'
[0.307s] Level 1:colcon.colcon_core.package_identification:_identify(slam_run2) by extension 'python'
[0.307s] Level 1:colcon.colcon_core.package_identification:_identify(slam_run2) by extensions ['python_setup_py']
[0.307s] Level 1:colcon.colcon_core.package_identification:_identify(slam_run2) by extension 'python_setup_py'
[0.307s] Level 1:colcon.colcon_core.package_identification:_identify(slam_run3) by extensions ['ignore', 'ignore_ament_install']
[0.307s] Level 1:colcon.colcon_core.package_identification:_identify(slam_run3) by extension 'ignore'
[0.307s] Level 1:colcon.colcon_core.package_identification:_identify(slam_run3) by extension 'ignore_ament_install'
[0.307s] Level 1:colcon.colcon_core.package_identification:_identify(slam_run3) by extensions ['colcon_pkg']
[0.307s] Level 1:colcon.colcon_core.package_identification:_identify(slam_run3) by extension 'colcon_pkg'
[0.307s] Level 1:colcon.colcon_core.package_identification:_identify(slam_run3) by extensions ['colcon_meta']
[0.307s] Level 1:colcon.colcon_core.package_identification:_identify(slam_run3) by extension 'colcon_meta'
[0.307s] Level 1:colcon.colcon_core.package_identification:_identify(slam_run3) by extensions ['ros']
[0.307s] Level 1:colcon.colcon_core.package_identification:_identify(slam_run3) by extension 'ros'
[0.307s] Level 1:colcon.colcon_core.package_identification:_identify(slam_run3) by extensions ['cmake', 'python']
[0.307s] Level 1:colcon.colcon_core.package_identification:_identify(slam_run3) by extension 'cmake'
[0.307s] Level 1:colcon.colcon_core.package_identification:_identify(slam_run3) by extension 'python'
[0.307s] Level 1:colcon.colcon_core.package_identification:_identify(slam_run3) by extensions ['python_setup_py']
[0.307s] Level 1:colcon.colcon_core.package_identification:_identify(slam_run3) by extension 'python_setup_py'
[0.307s] Level 1:colcon.colcon_core.package_identification:_identify(slam_run4) by extensions ['ignore', 'ignore_ament_install']
[0.307s] Level 1:colcon.colcon_core.package_identification:_identify(slam_run4) by extension 'ignore'
[0.308s] Level 1:colcon.colcon_core.package_identification:_identify(slam_run4) by extension 'ignore_ament_install'
[0.308s] Level 1:colcon.colcon_core.package_identification:_identify(slam_run4) by extensions ['colcon_pkg']
[0.308s] Level 1:colcon.colcon_core.package_identification:_identify(slam_run4) by extension 'colcon_pkg'
[0.308s] Level 1:colcon.colcon_core.package_identification:_identify(slam_run4) by extensions ['colcon_meta']
[0.308s] Level 1:colcon.colcon_core.package_identification:_identify(slam_run4) by extension 'colcon_meta'
[0.308s] Level 1:colcon.colcon_core.package_identification:_identify(slam_run4) by extensions ['ros']
[0.308s] Level 1:colcon.colcon_core.package_identification:_identify(slam_run4) by extension 'ros'
[0.308s] Level 1:colcon.colcon_core.package_identification:_identify(slam_run4) by extensions ['cmake', 'python']
[0.308s] Level 1:colcon.colcon_core.package_identification:_identify(slam_run4) by extension 'cmake'
[0.308s] Level 1:colcon.colcon_core.package_identification:_identify(slam_run4) by extension 'python'
[0.308s] Level 1:colcon.colcon_core.package_identification:_identify(slam_run4) by extensions ['python_setup_py']
[0.308s] Level 1:colcon.colcon_core.package_identification:_identify(slam_run4) by extension 'python_setup_py'
[0.308s] Level 1:colcon.colcon_core.package_identification:_identify(slam_run5) by extensions ['ignore', 'ignore_ament_install']
[0.308s] Level 1:colcon.colcon_core.package_identification:_identify(slam_run5) by extension 'ignore'
[0.308s] Level 1:colcon.colcon_core.package_identification:_identify(slam_run5) by extension 'ignore_ament_install'
[0.308s] Level 1:colcon.colcon_core.package_identification:_identify(slam_run5) by extensions ['colcon_pkg']
[0.308s] Level 1:colcon.colcon_core.package_identification:_identify(slam_run5) by extension 'colcon_pkg'
[0.308s] Level 1:colcon.colcon_core.package_identification:_identify(slam_run5) by extensions ['colcon_meta']
[0.308s] Level 1:colcon.colcon_core.package_identification:_identify(slam_run5) by extension 'colcon_meta'
[0.308s] Level 1:colcon.colcon_core.package_identification:_identify(slam_run5) by extensions ['ros']
[0.308s] Level 1:colcon.colcon_core.package_identification:_identify(slam_run5) by extension 'ros'
[0.308s] Level 1:colcon.colcon_core.package_identification:_identify(slam_run5) by extensions ['cmake', 'python']
[0.308s] Level 1:colcon.colcon_core.package_identification:_identify(slam_run5) by extension 'cmake'
[0.308s] Level 1:colcon.colcon_core.package_identification:_identify(slam_run5) by extension 'python'
[0.308s] Level 1:colcon.colcon_core.package_identification:_identify(slam_run5) by extensions ['python_setup_py']
[0.308s] Level 1:colcon.colcon_core.package_identification:_identify(slam_run5) by extension 'python_setup_py'
[0.308s] Level 1:colcon.colcon_core.package_identification:_identify(slam_run6) by extensions ['ignore', 'ignore_ament_install']
[0.308s] Level 1:colcon.colcon_core.package_identification:_identify(slam_run6) by extension 'ignore'
[0.308s] Level 1:colcon.colcon_core.package_identification:_identify(slam_run6) by extension 'ignore_ament_install'
[0.308s] Level 1:colcon.colcon_core.package_identification:_identify(slam_run6) by extensions ['colcon_pkg']
[0.308s] Level 1:colcon.colcon_core.package_identification:_identify(slam_run6) by extension 'colcon_pkg'
[0.308s] Level 1:colcon.colcon_core.package_identification:_identify(slam_run6) by extensions ['colcon_meta']
[0.308s] Level 1:colcon.colcon_core.package_identification:_identify(slam_run6) by extension 'colcon_meta'
[0.308s] Level 1:colcon.colcon_core.package_identification:_identify(slam_run6) by extensions ['ros']
[0.308s] Level 1:colcon.colcon_core.package_identification:_identify(slam_run6) by extension 'ros'
[0.309s] Level 1:colcon.colcon_core.package_identification:_identify(slam_run6) by extensions ['cmake', 'python']
[0.309s] Level 1:colcon.colcon_core.package_identification:_identify(slam_run6) by extension 'cmake'
[0.309s] Level 1:colcon.colcon_core.package_identification:_identify(slam_run6) by extension 'python'
[0.309s] Level 1:colcon.colcon_core.package_identification:_identify(slam_run6) by extensions ['python_setup_py']
[0.309s] Level 1:colcon.colcon_core.package_identification:_identify(slam_run6) by extension 'python_setup_py'
[0.309s] Level 1:colcon.colcon_core.package_identification:_identify(slam_run7) by extensions ['ignore', 'ignore_ament_install']
[0.309s] Level 1:colcon.colcon_core.package_identification:_identify(slam_run7) by extension 'ignore'
[0.309s] Level 1:colcon.colcon_core.package_identification:_identify(slam_run7) by extension 'ignore_ament_install'
[0.309s] Level 1:colcon.colcon_core.package_identification:_identify(slam_run7) by extensions ['colcon_pkg']
[0.309s] Level 1:colcon.colcon_core.package_identification:_identify(slam_run7) by extension 'colcon_pkg'
[0.309s] Level 1:colcon.colcon_core.package_identification:_identify(slam_run7) by extensions ['colcon_meta']
[0.309s] Level 1:colcon.colcon_core.package_identification:_identify(slam_run7) by extension 'colcon_meta'
[0.309s] Level 1:colcon.colcon_core.package_identification:_identify(slam_run7) by extensions ['ros']
[0.309s] Level 1:colcon.colcon_core.package_identification:_identify(slam_run7) by extension 'ros'
[0.309s] Level 1:colcon.colcon_core.package_identification:_identify(slam_run7) by extensions ['cmake', 'python']
[0.309s] Level 1:colcon.colcon_core.package_identification:_identify(slam_run7) by extension 'cmake'
[0.309s] Level 1:colcon.colcon_core.package_identification:_identify(slam_run7) by extension 'python'
[0.309s] Level 1:colcon.colcon_core.package_identification:_identify(slam_run7) by extensions ['python_setup_py']
[0.309s] Level 1:colcon.colcon_core.package_identification:_identify(slam_run7) by extension 'python_setup_py'
[0.309s] Level 1:colcon.colcon_core.package_identification:_identify(slam_run8) by extensions ['ignore', 'ignore_ament_install']
[0.309s] Level 1:colcon.colcon_core.package_identification:_identify(slam_run8) by extension 'ignore'
[0.309s] Level 1:colcon.colcon_core.package_identification:_identify(slam_run8) by extension 'ignore_ament_install'
[0.309s] Level 1:colcon.colcon_core.package_identification:_identify(slam_run8) by extensions ['colcon_pkg']
[0.309s] Level 1:colcon.colcon_core.package_identification:_identify(slam_run8) by extension 'colcon_pkg'
[0.309s] Level 1:colcon.colcon_core.package_identification:_identify(slam_run8) by extensions ['colcon_meta']
[0.309s] Level 1:colcon.colcon_core.package_identification:_identify(slam_run8) by extension 'colcon_meta'
[0.309s] Level 1:colcon.colcon_core.package_identification:_identify(slam_run8) by extensions ['ros']
[0.309s] Level 1:colcon.colcon_core.package_identification:_identify(slam_run8) by extension 'ros'
[0.309s] Level 1:colcon.colcon_core.package_identification:_identify(slam_run8) by extensions ['cmake', 'python']
[0.309s] Level 1:colcon.colcon_core.package_identification:_identify(slam_run8) by extension 'cmake'
[0.309s] Level 1:colcon.colcon_core.package_identification:_identify(slam_run8) by extension 'python'
[0.309s] Level 1:colcon.colcon_core.package_identification:_identify(slam_run8) by extensions ['python_setup_py']
[0.309s] Level 1:colcon.colcon_core.package_identification:_identify(slam_run8) by extension 'python_setup_py'
[0.309s] Level 1:colcon.colcon_core.package_identification:_identify(slam_run9) by extensions ['ignore', 'ignore_ament_install']
[0.309s] Level 1:colcon.colcon_core.package_identification:_identify(slam_run9) by extension 'ignore'
[0.310s] Level 1:colcon.colcon_core.package_identification:_identify(slam_run9) by extension 'ignore_ament_install'
[0.310s] Level 1:colcon.colcon_core.package_identification:_identify(slam_run9) by extensions ['colcon_pkg']
[0.310s] Level 1:colcon.colcon_core.package_identification:_identify(slam_run9) by extension 'colcon_pkg'
[0.310s] Level 1:colcon.colcon_core.package_identification:_identify(slam_run9) by extensions ['colcon_meta']
[0.310s] Level 1:colcon.colcon_core.package_identification:_identify(slam_run9) by extension 'colcon_meta'
[0.310s] Level 1:colcon.colcon_core.package_identification:_identify(slam_run9) by extensions ['ros']
[0.310s] Level 1:colcon.colcon_core.package_identification:_identify(slam_run9) by extension 'ros'
[0.310s] Level 1:colcon.colcon_core.package_identification:_identify(slam_run9) by extensions ['cmake', 'python']
[0.310s] Level 1:colcon.colcon_core.package_identification:_identify(slam_run9) by extension 'cmake'
[0.310s] Level 1:colcon.colcon_core.package_identification:_identify(slam_run9) by extension 'python'
[0.310s] Level 1:colcon.colcon_core.package_identification:_identify(slam_run9) by extensions ['python_setup_py']
[0.310s] Level 1:colcon.colcon_core.package_identification:_identify(slam_run9) by extension 'python_setup_py'
[0.310s] Level 1:colcon.colcon_core.package_identification:_identify(slam_run_0.1) by extensions ['ignore', 'ignore_ament_install']
[0.310s] Level 1:colcon.colcon_core.package_identification:_identify(slam_run_0.1) by extension 'ignore'
[0.310s] Level 1:colcon.colcon_core.package_identification:_identify(slam_run_0.1) by extension 'ignore_ament_install'
[0.310s] Level 1:colcon.colcon_core.package_identification:_identify(slam_run_0.1) by extensions ['colcon_pkg']
[0.310s] Level 1:colcon.colcon_core.package_identification:_identify(slam_run_0.1) by extension 'colcon_pkg'
[0.310s] Level 1:colcon.colcon_core.package_identification:_identify(slam_run_0.1) by extensions ['colcon_meta']
[0.310s] Level 1:colcon.colcon_core.package_identification:_identify(slam_run_0.1) by extension 'colcon_meta'
[0.310s] Level 1:colcon.colcon_core.package_identification:_identify(slam_run_0.1) by extensions ['ros']
[0.310s] Level 1:colcon.colcon_core.package_identification:_identify(slam_run_0.1) by extension 'ros'
[0.310s] Level 1:colcon.colcon_core.package_identification:_identify(slam_run_0.1) by extensions ['cmake', 'python']
[0.310s] Level 1:colcon.colcon_core.package_identification:_identify(slam_run_0.1) by extension 'cmake'
[0.310s] Level 1:colcon.colcon_core.package_identification:_identify(slam_run_0.1) by extension 'python'
[0.310s] Level 1:colcon.colcon_core.package_identification:_identify(slam_run_0.1) by extensions ['python_setup_py']
[0.310s] Level 1:colcon.colcon_core.package_identification:_identify(slam_run_0.1) by extension 'python_setup_py'
[0.310s] Level 1:colcon.colcon_core.package_identification:_identify(slam_run_0.45) by extensions ['ignore', 'ignore_ament_install']
[0.310s] Level 1:colcon.colcon_core.package_identification:_identify(slam_run_0.45) by extension 'ignore'
[0.310s] Level 1:colcon.colcon_core.package_identification:_identify(slam_run_0.45) by extension 'ignore_ament_install'
[0.310s] Level 1:colcon.colcon_core.package_identification:_identify(slam_run_0.45) by extensions ['colcon_pkg']
[0.310s] Level 1:colcon.colcon_core.package_identification:_identify(slam_run_0.45) by extension 'colcon_pkg'
[0.310s] Level 1:colcon.colcon_core.package_identification:_identify(slam_run_0.45) by extensions ['colcon_meta']
[0.310s] Level 1:colcon.colcon_core.package_identification:_identify(slam_run_0.45) by extension 'colcon_meta'
[0.310s] Level 1:colcon.colcon_core.package_identification:_identify(slam_run_0.45) by extensions ['ros']
[0.310s] Level 1:colcon.colcon_core.package_identification:_identify(slam_run_0.45) by extension 'ros'
[0.310s] Level 1:colcon.colcon_core.package_identification:_identify(slam_run_0.45) by extensions ['cmake', 'python']
[0.310s] Level 1:colcon.colcon_core.package_identification:_identify(slam_run_0.45) by extension 'cmake'
[0.310s] Level 1:colcon.colcon_core.package_identification:_identify(slam_run_0.45) by extension 'python'
[0.310s] Level 1:colcon.colcon_core.package_identification:_identify(slam_run_0.45) by extensions ['python_setup_py']
[0.310s] Level 1:colcon.colcon_core.package_identification:_identify(slam_run_0.45) by extension 'python_setup_py'
[0.311s] Level 1:colcon.colcon_core.package_identification:_identify(slam_run_0.45_v2) by extensions ['ignore', 'ignore_ament_install']
[0.311s] Level 1:colcon.colcon_core.package_identification:_identify(slam_run_0.45_v2) by extension 'ignore'
[0.311s] Level 1:colcon.colcon_core.package_identification:_identify(slam_run_0.45_v2) by extension 'ignore_ament_install'
[0.311s] Level 1:colcon.colcon_core.package_identification:_identify(slam_run_0.45_v2) by extensions ['colcon_pkg']
[0.311s] Level 1:colcon.colcon_core.package_identification:_identify(slam_run_0.45_v2) by extension 'colcon_pkg'
[0.311s] Level 1:colcon.colcon_core.package_identification:_identify(slam_run_0.45_v2) by extensions ['colcon_meta']
[0.311s] Level 1:colcon.colcon_core.package_identification:_identify(slam_run_0.45_v2) by extension 'colcon_meta'
[0.311s] Level 1:colcon.colcon_core.package_identification:_identify(slam_run_0.45_v2) by extensions ['ros']
[0.311s] Level 1:colcon.colcon_core.package_identification:_identify(slam_run_0.45_v2) by extension 'ros'
[0.311s] Level 1:colcon.colcon_core.package_identification:_identify(slam_run_0.45_v2) by extensions ['cmake', 'python']
[0.311s] Level 1:colcon.colcon_core.package_identification:_identify(slam_run_0.45_v2) by extension 'cmake'
[0.311s] Level 1:colcon.colcon_core.package_identification:_identify(slam_run_0.45_v2) by extension 'python'
[0.311s] Level 1:colcon.colcon_core.package_identification:_identify(slam_run_0.45_v2) by extensions ['python_setup_py']
[0.311s] Level 1:colcon.colcon_core.package_identification:_identify(slam_run_0.45_v2) by extension 'python_setup_py'
[0.311s] Level 1:colcon.colcon_core.package_identification:_identify(slam_run_0.5) by extensions ['ignore', 'ignore_ament_install']
[0.311s] Level 1:colcon.colcon_core.package_identification:_identify(slam_run_0.5) by extension 'ignore'
[0.311s] Level 1:colcon.colcon_core.package_identification:_identify(slam_run_0.5) by extension 'ignore_ament_install'
[0.311s] Level 1:colcon.colcon_core.package_identification:_identify(slam_run_0.5) by extensions ['colcon_pkg']
[0.311s] Level 1:colcon.colcon_core.package_identification:_identify(slam_run_0.5) by extension 'colcon_pkg'
[0.311s] Level 1:colcon.colcon_core.package_identification:_identify(slam_run_0.5) by extensions ['colcon_meta']
[0.311s] Level 1:colcon.colcon_core.package_identification:_identify(slam_run_0.5) by extension 'colcon_meta'
[0.311s] Level 1:colcon.colcon_core.package_identification:_identify(slam_run_0.5) by extensions ['ros']
[0.311s] Level 1:colcon.colcon_core.package_identification:_identify(slam_run_0.5) by extension 'ros'
[0.311s] Level 1:colcon.colcon_core.package_identification:_identify(slam_run_0.5) by extensions ['cmake', 'python']
[0.311s] Level 1:colcon.colcon_core.package_identification:_identify(slam_run_0.5) by extension 'cmake'
[0.311s] Level 1:colcon.colcon_core.package_identification:_identify(slam_run_0.5) by extension 'python'
[0.311s] Level 1:colcon.colcon_core.package_identification:_identify(slam_run_0.5) by extensions ['python_setup_py']
[0.311s] Level 1:colcon.colcon_core.package_identification:_identify(slam_run_0.5) by extension 'python_setup_py'
[0.311s] Level 1:colcon.colcon_core.package_identification:_identify(slam_run_10) by extensions ['ignore', 'ignore_ament_install']
[0.311s] Level 1:colcon.colcon_core.package_identification:_identify(slam_run_10) by extension 'ignore'
[0.311s] Level 1:colcon.colcon_core.package_identification:_identify(slam_run_10) by extension 'ignore_ament_install'
[0.311s] Level 1:colcon.colcon_core.package_identification:_identify(slam_run_10) by extensions ['colcon_pkg']
[0.311s] Level 1:colcon.colcon_core.package_identification:_identify(slam_run_10) by extension 'colcon_pkg'
[0.311s] Level 1:colcon.colcon_core.package_identification:_identify(slam_run_10) by extensions ['colcon_meta']
[0.311s] Level 1:colcon.colcon_core.package_identification:_identify(slam_run_10) by extension 'colcon_meta'
[0.312s] Level 1:colcon.colcon_core.package_identification:_identify(slam_run_10) by extensions ['ros']
[0.312s] Level 1:colcon.colcon_core.package_identification:_identify(slam_run_10) by extension 'ros'
[0.312s] Level 1:colcon.colcon_core.package_identification:_identify(slam_run_10) by extensions ['cmake', 'python']
[0.312s] Level 1:colcon.colcon_core.package_identification:_identify(slam_run_10) by extension 'cmake'
[0.312s] Level 1:colcon.colcon_core.package_identification:_identify(slam_run_10) by extension 'python'
[0.312s] Level 1:colcon.colcon_core.package_identification:_identify(slam_run_10) by extensions ['python_setup_py']
[0.312s] Level 1:colcon.colcon_core.package_identification:_identify(slam_run_10) by extension 'python_setup_py'
[0.312s] Level 1:colcon.colcon_core.package_identification:_identify(src) by extensions ['ignore', 'ignore_ament_install']
[0.312s] Level 1:colcon.colcon_core.package_identification:_identify(src) by extension 'ignore'
[0.312s] Level 1:colcon.colcon_core.package_identification:_identify(src) by extension 'ignore_ament_install'
[0.312s] Level 1:colcon.colcon_core.package_identification:_identify(src) by extensions ['colcon_pkg']
[0.312s] Level 1:colcon.colcon_core.package_identification:_identify(src) by extension 'colcon_pkg'
[0.312s] Level 1:colcon.colcon_core.package_identification:_identify(src) by extensions ['colcon_meta']
[0.312s] Level 1:colcon.colcon_core.package_identification:_identify(src) by extension 'colcon_meta'
[0.312s] Level 1:colcon.colcon_core.package_identification:_identify(src) by extensions ['ros']
[0.312s] Level 1:colcon.colcon_core.package_identification:_identify(src) by extension 'ros'
[0.312s] Level 1:colcon.colcon_core.package_identification:_identify(src) by extensions ['cmake', 'python']
[0.312s] Level 1:colcon.colcon_core.package_identification:_identify(src) by extension 'cmake'
[0.312s] Level 1:colcon.colcon_core.package_identification:_identify(src) by extension 'python'
[0.312s] Level 1:colcon.colcon_core.package_identification:_identify(src) by extensions ['python_setup_py']
[0.312s] Level 1:colcon.colcon_core.package_identification:_identify(src) by extension 'python_setup_py'
[0.312s] Level 1:colcon.colcon_core.package_identification:_identify(src/robot_model) by extensions ['ignore', 'ignore_ament_install']
[0.312s] Level 1:colcon.colcon_core.package_identification:_identify(src/robot_model) by extension 'ignore'
[0.312s] Level 1:colcon.colcon_core.package_identification:_identify(src/robot_model) by extension 'ignore_ament_install'
[0.312s] Level 1:colcon.colcon_core.package_identification:_identify(src/robot_model) by extensions ['colcon_pkg']
[0.312s] Level 1:colcon.colcon_core.package_identification:_identify(src/robot_model) by extension 'colcon_pkg'
[0.312s] Level 1:colcon.colcon_core.package_identification:_identify(src/robot_model) by extensions ['colcon_meta']
[0.312s] Level 1:colcon.colcon_core.package_identification:_identify(src/robot_model) by extension 'colcon_meta'
[0.312s] Level 1:colcon.colcon_core.package_identification:_identify(src/robot_model) by extensions ['ros']
[0.312s] Level 1:colcon.colcon_core.package_identification:_identify(src/robot_model) by extension 'ros'
[0.314s] DEBUG:colcon.colcon_core.package_identification:Package 'src/robot_model' with type 'ros.ament_cmake' and name 'robot_model'
[0.314s] Level 1:colcon.colcon_core.package_discovery:discover_packages(recursive) using defaults
[0.314s] Level 1:colcon.colcon_core.package_discovery:discover_packages(ignore) discover
[0.314s] Level 1:colcon.colcon_core.package_discovery:discover_packages(ignore) using defaults
[0.314s] Level 1:colcon.colcon_core.package_discovery:discover_packages(path) discover
[0.314s] Level 1:colcon.colcon_core.package_discovery:discover_packages(path) using defaults
[0.344s] Level 1:colcon.colcon_core.package_discovery:discover_packages(prefix_path) check parameters
[0.344s] Level 1:colcon.colcon_core.package_discovery:discover_packages(prefix_path) discover
[0.349s] DEBUG:colcon.colcon_installed_package_information.package_discovery:Found 1 installed packages in /home/hoanglong/ldlidar_ros2_ws/install
[0.349s] DEBUG:colcon.colcon_installed_package_information.package_discovery:Found 15 installed packages in /home/hoanglong/turtlebot3_ws/install
[0.350s] DEBUG:colcon.colcon_installed_package_information.package_discovery:Found 1 installed packages in /home/hoanglong/my_ws/install
[0.350s] DEBUG:colcon.colcon_installed_package_information.package_discovery:Found 3 installed packages in /home/hoanglong/ros2_ws/install
[0.350s] DEBUG:colcon.colcon_installed_package_information.package_discovery:Found 1 installed packages in /home/hoanglong/myrobot_ws/install
[0.351s] DEBUG:colcon.colcon_installed_package_information.package_discovery:Found 384 installed packages in /opt/ros/humble
[0.352s] Level 1:colcon.colcon_core.package_discovery:discover_packages(prefix_path) using defaults
[0.424s] Level 5:colcon.colcon_core.verb:set package 'robot_model' build argument 'cmake_args' from command line to 'None'
[0.424s] Level 5:colcon.colcon_core.verb:set package 'robot_model' build argument 'cmake_target' from command line to 'None'
[0.424s] Level 5:colcon.colcon_core.verb:set package 'robot_model' build argument 'cmake_target_skip_unavailable' from command line to 'False'
[0.424s] Level 5:colcon.colcon_core.verb:set package 'robot_model' build argument 'cmake_clean_cache' from command line to 'False'
[0.424s] Level 5:colcon.colcon_core.verb:set package 'robot_model' build argument 'cmake_clean_first' from command line to 'False'
[0.424s] Level 5:colcon.colcon_core.verb:set package 'robot_model' build argument 'cmake_force_configure' from command line to 'False'
[0.424s] Level 5:colcon.colcon_core.verb:set package 'robot_model' build argument 'ament_cmake_args' from command line to 'None'
[0.425s] Level 5:colcon.colcon_core.verb:set package 'robot_model' build argument 'catkin_cmake_args' from command line to 'None'
[0.425s] Level 5:colcon.colcon_core.verb:set package 'robot_model' build argument 'catkin_skip_building_tests' from command line to 'False'
[0.425s] DEBUG:colcon.colcon_core.verb:Building package 'robot_model' with the following arguments: {'ament_cmake_args': None, 'build_base': '/home/hoanglong/myrobot_ws/build/robot_model', 'catkin_cmake_args': None, 'catkin_skip_building_tests': False, 'cmake_args': None, 'cmake_clean_cache': False, 'cmake_clean_first': False, 'cmake_force_configure': False, 'cmake_target': None, 'cmake_target_skip_unavailable': False, 'install_base': '/home/hoanglong/myrobot_ws/install/robot_model', 'merge_install': False, 'path': '/home/hoanglong/myrobot_ws/src/robot_model', 'symlink_install': True, 'test_result_base': None}
[0.425s] INFO:colcon.colcon_core.executor:Executing jobs using 'parallel' executor
[0.426s] DEBUG:colcon.colcon_parallel_executor.executor.parallel:run_until_complete
[0.426s] INFO:colcon.colcon_ros.task.ament_cmake.build:Building ROS package in '/home/hoanglong/myrobot_ws/src/robot_model' with build type 'ament_cmake'
[0.426s] INFO:colcon.colcon_cmake.task.cmake.build:Building CMake package in '/home/hoanglong/myrobot_ws/src/robot_model'
[0.432s] INFO:colcon.colcon_core.plugin_system:Skipping extension 'colcon_core.shell.bat': Not used on non-Windows systems
[0.432s] INFO:colcon.colcon_core.shell:Skip shell extension 'powershell' for command environment: Not usable outside of PowerShell
[0.432s] DEBUG:colcon.colcon_core.shell:Skip shell extension 'dsv' for command environment
[0.447s] DEBUG:colcon.colcon_core.event_handler.log_command:Invoking command in '/home/hoanglong/myrobot_ws/build/robot_model': CMAKE_PREFIX_PATH=${CMAKE_PREFIX_PATH}:/home/hoanglong/turtlebot3_ws/install/turtlebot3_teleop:/home/hoanglong/turtlebot3_ws/install/turtlebot3_example:/home/hoanglong/my_ws/install/my_robot:/opt/ros/humble /usr/bin/cmake --build /home/hoanglong/myrobot_ws/build/robot_model -- -j2 -l2
[0.500s] DEBUG:colcon.colcon_core.event_handler.log_command:Invoked command in '/home/hoanglong/myrobot_ws/build/robot_model' returned '0': CMAKE_PREFIX_PATH=${CMAKE_PREFIX_PATH}:/home/hoanglong/turtlebot3_ws/install/turtlebot3_teleop:/home/hoanglong/turtlebot3_ws/install/turtlebot3_example:/home/hoanglong/my_ws/install/my_robot:/opt/ros/humble /usr/bin/cmake --build /home/hoanglong/myrobot_ws/build/robot_model -- -j2 -l2
[0.513s] DEBUG:colcon.colcon_core.event_handler.log_command:Invoking command in '/home/hoanglong/myrobot_ws/build/robot_model': CMAKE_PREFIX_PATH=${CMAKE_PREFIX_PATH}:/home/hoanglong/turtlebot3_ws/install/turtlebot3_teleop:/home/hoanglong/turtlebot3_ws/install/turtlebot3_example:/home/hoanglong/my_ws/install/my_robot:/opt/ros/humble /usr/bin/cmake --install /home/hoanglong/myrobot_ws/build/robot_model
[0.640s] Level 1:colcon.colcon_core.environment:create_environment_scripts_only(robot_model)
[0.640s] DEBUG:colcon.colcon_core.event_handler.log_command:Invoked command in '/home/hoanglong/myrobot_ws/build/robot_model' returned '0': CMAKE_PREFIX_PATH=${CMAKE_PREFIX_PATH}:/home/hoanglong/turtlebot3_ws/install/turtlebot3_teleop:/home/hoanglong/turtlebot3_ws/install/turtlebot3_example:/home/hoanglong/my_ws/install/my_robot:/opt/ros/humble /usr/bin/cmake --install /home/hoanglong/myrobot_ws/build/robot_model
[0.651s] Level 1:colcon.colcon_core.environment:checking '/home/hoanglong/myrobot_ws/install/robot_model' for CMake module files
[0.652s] Level 1:colcon.colcon_core.environment:checking '/home/hoanglong/myrobot_ws/install/robot_model' for CMake config files
[0.652s] Level 1:colcon.colcon_core.shell:create_environment_hook('robot_model', 'cmake_prefix_path')
[0.652s] INFO:colcon.colcon_core.shell:Creating environment hook '/home/hoanglong/myrobot_ws/install/robot_model/share/robot_model/hook/cmake_prefix_path.ps1'
[0.653s] INFO:colcon.colcon_core.shell:Creating environment descriptor '/home/hoanglong/myrobot_ws/install/robot_model/share/robot_model/hook/cmake_prefix_path.dsv'
[0.654s] INFO:colcon.colcon_core.shell:Creating environment hook '/home/hoanglong/myrobot_ws/install/robot_model/share/robot_model/hook/cmake_prefix_path.sh'
[0.655s] Level 1:colcon.colcon_core.environment:checking '/home/hoanglong/myrobot_ws/install/robot_model/bin'
[0.655s] Level 1:colcon.colcon_core.environment:checking '/home/hoanglong/myrobot_ws/install/robot_model/lib/pkgconfig/robot_model.pc'
[0.655s] Level 1:colcon.colcon_core.environment:checking '/home/hoanglong/myrobot_ws/install/robot_model/lib/python3.10/site-packages'
[0.655s] Level 1:colcon.colcon_core.environment:checking '/home/hoanglong/myrobot_ws/install/robot_model/bin'
[0.655s] INFO:colcon.colcon_core.shell:Creating package script '/home/hoanglong/myrobot_ws/install/robot_model/share/robot_model/package.ps1'
[0.656s] INFO:colcon.colcon_core.shell:Creating package descriptor '/home/hoanglong/myrobot_ws/install/robot_model/share/robot_model/package.dsv'
[0.657s] INFO:colcon.colcon_core.shell:Creating package script '/home/hoanglong/myrobot_ws/install/robot_model/share/robot_model/package.sh'
[0.657s] INFO:colcon.colcon_core.shell:Creating package script '/home/hoanglong/myrobot_ws/install/robot_model/share/robot_model/package.bash'
[0.659s] INFO:colcon.colcon_core.shell:Creating package script '/home/hoanglong/myrobot_ws/install/robot_model/share/robot_model/package.zsh'
[0.660s] Level 1:colcon.colcon_core.environment:create_file_with_runtime_dependencies(/home/hoanglong/myrobot_ws/install/robot_model/share/colcon-core/packages/robot_model)
[0.660s] Level 1:colcon.colcon_core.environment:create_environment_scripts_only(robot_model)
[0.661s] Level 1:colcon.colcon_core.environment:checking '/home/hoanglong/myrobot_ws/install/robot_model' for CMake module files
[0.661s] Level 1:colcon.colcon_core.environment:checking '/home/hoanglong/myrobot_ws/install/robot_model' for CMake config files
[0.661s] Level 1:colcon.colcon_core.shell:create_environment_hook('robot_model', 'cmake_prefix_path')
[0.662s] INFO:colcon.colcon_core.shell:Creating environment hook '/home/hoanglong/myrobot_ws/install/robot_model/share/robot_model/hook/cmake_prefix_path.ps1'
[0.662s] INFO:colcon.colcon_core.shell:Creating environment descriptor '/home/hoanglong/myrobot_ws/install/robot_model/share/robot_model/hook/cmake_prefix_path.dsv'
[0.662s] INFO:colcon.colcon_core.shell:Creating environment hook '/home/hoanglong/myrobot_ws/install/robot_model/share/robot_model/hook/cmake_prefix_path.sh'
[0.663s] Level 1:colcon.colcon_core.environment:checking '/home/hoanglong/myrobot_ws/install/robot_model/bin'
[0.663s] Level 1:colcon.colcon_core.environment:checking '/home/hoanglong/myrobot_ws/install/robot_model/lib/pkgconfig/robot_model.pc'
[0.663s] Level 1:colcon.colcon_core.environment:checking '/home/hoanglong/myrobot_ws/install/robot_model/lib/python3.10/site-packages'
[0.664s] Level 1:colcon.colcon_core.environment:checking '/home/hoanglong/myrobot_ws/install/robot_model/bin'
[0.664s] INFO:colcon.colcon_core.shell:Creating package script '/home/hoanglong/myrobot_ws/install/robot_model/share/robot_model/package.ps1'
[0.664s] INFO:colcon.colcon_core.shell:Creating package descriptor '/home/hoanglong/myrobot_ws/install/robot_model/share/robot_model/package.dsv'
[0.665s] INFO:colcon.colcon_core.shell:Creating package script '/home/hoanglong/myrobot_ws/install/robot_model/share/robot_model/package.sh'
[0.665s] INFO:colcon.colcon_core.shell:Creating package script '/home/hoanglong/myrobot_ws/install/robot_model/share/robot_model/package.bash'
[0.666s] INFO:colcon.colcon_core.shell:Creating package script '/home/hoanglong/myrobot_ws/install/robot_model/share/robot_model/package.zsh'
[0.666s] Level 1:colcon.colcon_core.environment:create_file_with_runtime_dependencies(/home/hoanglong/myrobot_ws/install/robot_model/share/colcon-core/packages/robot_model)
[0.667s] DEBUG:colcon.colcon_parallel_executor.executor.parallel:closing loop
[0.667s] DEBUG:colcon.colcon_parallel_executor.executor.parallel:loop closed
[0.667s] DEBUG:colcon.colcon_parallel_executor.executor.parallel:run_until_complete finished with '0'
[0.667s] DEBUG:colcon.colcon_core.event_reactor:joining thread
[0.679s] INFO:colcon.colcon_core.plugin_system:Skipping extension 'colcon_notification.desktop_notification.terminal_notifier': Not used on non-Darwin systems
[0.679s] INFO:colcon.colcon_core.plugin_system:Skipping extension 'colcon_notification.desktop_notification.win32': Not used on non-Windows systems
[0.679s] INFO:colcon.colcon_notification.desktop_notification:Sending desktop notification using 'notify2'
[0.691s] DEBUG:colcon.colcon_core.event_reactor:joined thread
[0.691s] INFO:colcon.colcon_core.shell:Creating prefix script '/home/hoanglong/myrobot_ws/install/local_setup.ps1'
[0.693s] INFO:colcon.colcon_core.shell:Creating prefix util module '/home/hoanglong/myrobot_ws/install/_local_setup_util_ps1.py'
[0.694s] INFO:colcon.colcon_core.shell:Creating prefix chain script '/home/hoanglong/myrobot_ws/install/setup.ps1'
[0.696s] INFO:colcon.colcon_core.shell:Creating prefix script '/home/hoanglong/myrobot_ws/install/local_setup.sh'
[0.697s] INFO:colcon.colcon_core.shell:Creating prefix util module '/home/hoanglong/myrobot_ws/install/_local_setup_util_sh.py'
[0.697s] INFO:colcon.colcon_core.shell:Creating prefix chain script '/home/hoanglong/myrobot_ws/install/setup.sh'
[0.699s] INFO:colcon.colcon_core.shell:Creating prefix script '/home/hoanglong/myrobot_ws/install/local_setup.bash'
[0.700s] INFO:colcon.colcon_core.shell:Creating prefix chain script '/home/hoanglong/myrobot_ws/install/setup.bash'
[0.702s] INFO:colcon.colcon_core.shell:Creating prefix script '/home/hoanglong/myrobot_ws/install/local_setup.zsh'
[0.704s] INFO:colcon.colcon_core.shell:Creating prefix chain script '/home/hoanglong/myrobot_ws/install/setup.zsh'
