[0.214s] DEBUG:colcon:Command line arguments: ['/usr/bin/colcon', 'list', '-p', '--base-paths', '/home/hoanglong/myrobot_ws']
[0.214s] DEBUG:colcon:Parsed command line arguments: Namespace(log_base=None, log_level=None, verb_name='list', build_base='build', ignore_user_meta=False, metas=['./colcon.meta'], base_paths=['/home/hoanglong/myrobot_ws'], packages_ignore=None, packages_ignore_regex=None, paths=None, packages_up_to=None, packages_up_to_regex=None, packages_above=None, packages_above_and_dependencies=None, packages_above_depth=None, packages_select_by_dep=None, packages_skip_by_dep=None, packages_skip_up_to=None, packages_select_build_failed=False, packages_skip_build_finished=False, packages_select_test_failures=False, packages_skip_test_passed=False, packages_select=None, packages_skip=None, packages_select_regex=None, packages_skip_regex=None, packages_start=None, packages_end=None, allow_overriding=[], topological_order=False, names_only=False, paths_only=True, topological_graph=False, topological_graph_dot=False, topological_graph_density=False, topological_graph_legend=False, topological_graph_dot_cluster=False, topological_graph_dot_include_skipped=False, mixin_files=None, mixin=None, verb_parser=<colcon_mixin.mixin.mixin_argument.MixinArgumentDecorator object at 0x78464db85600>, verb_extension=<colcon_package_information.verb.list.ListVerb object at 0x78464db84670>, main=<bound method ListVerb.main of <colcon_package_information.verb.list.ListVerb object at 0x78464db84670>>, mixin_verb=('list',))
[0.552s] Level 1:colcon.colcon_core.package_discovery:discover_packages(colcon_meta) check parameters
[0.552s] Level 1:colcon.colcon_core.package_discovery:discover_packages(recursive) check parameters
[0.552s] Level 1:colcon.colcon_core.package_discovery:discover_packages(ignore) check parameters
[0.552s] Level 1:colcon.colcon_core.package_discovery:discover_packages(path) check parameters
[0.552s] Level 1:colcon.colcon_core.package_discovery:discover_packages(recursive) discover
[0.552s] INFO:colcon.colcon_core.package_discovery:Crawling recursively for packages in '/home/hoanglong/myrobot_ws'
[0.552s] Level 1:colcon.colcon_core.package_identification:_identify(/home/hoanglong/myrobot_ws) by extensions ['ignore', 'ignore_ament_install']
[0.553s] Level 1:colcon.colcon_core.package_identification:_identify(/home/hoanglong/myrobot_ws) by extension 'ignore'
[0.553s] Level 1:colcon.colcon_core.package_identification:_identify(/home/hoanglong/myrobot_ws) by extension 'ignore_ament_install'
[0.553s] Level 1:colcon.colcon_core.package_identification:_identify(/home/hoanglong/myrobot_ws) by extensions ['colcon_pkg']
[0.553s] Level 1:colcon.colcon_core.package_identification:_identify(/home/hoanglong/myrobot_ws) by extension 'colcon_pkg'
[0.553s] Level 1:colcon.colcon_core.package_identification:_identify(/home/hoanglong/myrobot_ws) by extensions ['colcon_meta']
[0.553s] Level 1:colcon.colcon_core.package_identification:_identify(/home/hoanglong/myrobot_ws) by extension 'colcon_meta'
[0.553s] Level 1:colcon.colcon_core.package_identification:_identify(/home/hoanglong/myrobot_ws) by extensions ['ros']
[0.553s] Level 1:colcon.colcon_core.package_identification:_identify(/home/hoanglong/myrobot_ws) by extension 'ros'
[0.578s] Level 1:colcon.colcon_core.package_identification:_identify(/home/hoanglong/myrobot_ws) by extensions ['cmake', 'python']
[0.578s] Level 1:colcon.colcon_core.package_identification:_identify(/home/hoanglong/myrobot_ws) by extension 'cmake'
[0.578s] Level 1:colcon.colcon_core.package_identification:_identify(/home/hoanglong/myrobot_ws) by extension 'python'
[0.578s] Level 1:colcon.colcon_core.package_identification:_identify(/home/hoanglong/myrobot_ws) by extensions ['python_setup_py']
[0.578s] Level 1:colcon.colcon_core.package_identification:_identify(/home/hoanglong/myrobot_ws) by extension 'python_setup_py'
[0.578s] Level 1:colcon.colcon_core.package_identification:_identify(/home/hoanglong/myrobot_ws/build) by extensions ['ignore', 'ignore_ament_install']
[0.579s] Level 1:colcon.colcon_core.package_identification:_identify(/home/hoanglong/myrobot_ws/build) by extension 'ignore'
[0.579s] Level 1:colcon.colcon_core.package_identification:_identify(/home/hoanglong/myrobot_ws/build) ignored
[0.579s] Level 1:colcon.colcon_core.package_identification:_identify(/home/hoanglong/myrobot_ws/install) by extensions ['ignore', 'ignore_ament_install']
[0.579s] Level 1:colcon.colcon_core.package_identification:_identify(/home/hoanglong/myrobot_ws/install) by extension 'ignore'
[0.579s] Level 1:colcon.colcon_core.package_identification:_identify(/home/hoanglong/myrobot_ws/install) ignored
[0.579s] Level 1:colcon.colcon_core.package_identification:_identify(/home/hoanglong/myrobot_ws/log) by extensions ['ignore', 'ignore_ament_install']
[0.579s] Level 1:colcon.colcon_core.package_identification:_identify(/home/hoanglong/myrobot_ws/log) by extension 'ignore'
[0.579s] Level 1:colcon.colcon_core.package_identification:_identify(/home/hoanglong/myrobot_ws/log) ignored
[0.579s] Level 1:colcon.colcon_core.package_identification:_identify(/home/hoanglong/myrobot_ws/slam_run1) by extensions ['ignore', 'ignore_ament_install']
[0.581s] Level 1:colcon.colcon_core.package_identification:_identify(/home/hoanglong/myrobot_ws/slam_run1) by extension 'ignore'
[0.581s] Level 1:colcon.colcon_core.package_identification:_identify(/home/hoanglong/myrobot_ws/slam_run1) by extension 'ignore_ament_install'
[0.582s] Level 1:colcon.colcon_core.package_identification:_identify(/home/hoanglong/myrobot_ws/slam_run1) by extensions ['colcon_pkg']
[0.582s] Level 1:colcon.colcon_core.package_identification:_identify(/home/hoanglong/myrobot_ws/slam_run1) by extension 'colcon_pkg'
[0.582s] Level 1:colcon.colcon_core.package_identification:_identify(/home/hoanglong/myrobot_ws/slam_run1) by extensions ['colcon_meta']
[0.582s] Level 1:colcon.colcon_core.package_identification:_identify(/home/hoanglong/myrobot_ws/slam_run1) by extension 'colcon_meta'
[0.582s] Level 1:colcon.colcon_core.package_identification:_identify(/home/hoanglong/myrobot_ws/slam_run1) by extensions ['ros']
[0.582s] Level 1:colcon.colcon_core.package_identification:_identify(/home/hoanglong/myrobot_ws/slam_run1) by extension 'ros'
[0.582s] Level 1:colcon.colcon_core.package_identification:_identify(/home/hoanglong/myrobot_ws/slam_run1) by extensions ['cmake', 'python']
[0.582s] Level 1:colcon.colcon_core.package_identification:_identify(/home/hoanglong/myrobot_ws/slam_run1) by extension 'cmake'
[0.582s] Level 1:colcon.colcon_core.package_identification:_identify(/home/hoanglong/myrobot_ws/slam_run1) by extension 'python'
[0.582s] Level 1:colcon.colcon_core.package_identification:_identify(/home/hoanglong/myrobot_ws/slam_run1) by extensions ['python_setup_py']
[0.582s] Level 1:colcon.colcon_core.package_identification:_identify(/home/hoanglong/myrobot_ws/slam_run1) by extension 'python_setup_py'
[0.582s] Level 1:colcon.colcon_core.package_identification:_identify(/home/hoanglong/myrobot_ws/slam_run2) by extensions ['ignore', 'ignore_ament_install']
[0.582s] Level 1:colcon.colcon_core.package_identification:_identify(/home/hoanglong/myrobot_ws/slam_run2) by extension 'ignore'
[0.582s] Level 1:colcon.colcon_core.package_identification:_identify(/home/hoanglong/myrobot_ws/slam_run2) by extension 'ignore_ament_install'
[0.582s] Level 1:colcon.colcon_core.package_identification:_identify(/home/hoanglong/myrobot_ws/slam_run2) by extensions ['colcon_pkg']
[0.582s] Level 1:colcon.colcon_core.package_identification:_identify(/home/hoanglong/myrobot_ws/slam_run2) by extension 'colcon_pkg'
[0.582s] Level 1:colcon.colcon_core.package_identification:_identify(/home/hoanglong/myrobot_ws/slam_run2) by extensions ['colcon_meta']
[0.582s] Level 1:colcon.colcon_core.package_identification:_identify(/home/hoanglong/myrobot_ws/slam_run2) by extension 'colcon_meta'
[0.582s] Level 1:colcon.colcon_core.package_identification:_identify(/home/hoanglong/myrobot_ws/slam_run2) by extensions ['ros']
[0.582s] Level 1:colcon.colcon_core.package_identification:_identify(/home/hoanglong/myrobot_ws/slam_run2) by extension 'ros'
[0.582s] Level 1:colcon.colcon_core.package_identification:_identify(/home/hoanglong/myrobot_ws/slam_run2) by extensions ['cmake', 'python']
[0.582s] Level 1:colcon.colcon_core.package_identification:_identify(/home/hoanglong/myrobot_ws/slam_run2) by extension 'cmake'
[0.582s] Level 1:colcon.colcon_core.package_identification:_identify(/home/hoanglong/myrobot_ws/slam_run2) by extension 'python'
[0.582s] Level 1:colcon.colcon_core.package_identification:_identify(/home/hoanglong/myrobot_ws/slam_run2) by extensions ['python_setup_py']
[0.582s] Level 1:colcon.colcon_core.package_identification:_identify(/home/hoanglong/myrobot_ws/slam_run2) by extension 'python_setup_py'
[0.582s] Level 1:colcon.colcon_core.package_identification:_identify(/home/hoanglong/myrobot_ws/slam_run3) by extensions ['ignore', 'ignore_ament_install']
[0.582s] Level 1:colcon.colcon_core.package_identification:_identify(/home/hoanglong/myrobot_ws/slam_run3) by extension 'ignore'
[0.583s] Level 1:colcon.colcon_core.package_identification:_identify(/home/hoanglong/myrobot_ws/slam_run3) by extension 'ignore_ament_install'
[0.583s] Level 1:colcon.colcon_core.package_identification:_identify(/home/hoanglong/myrobot_ws/slam_run3) by extensions ['colcon_pkg']
[0.583s] Level 1:colcon.colcon_core.package_identification:_identify(/home/hoanglong/myrobot_ws/slam_run3) by extension 'colcon_pkg'
[0.583s] Level 1:colcon.colcon_core.package_identification:_identify(/home/hoanglong/myrobot_ws/slam_run3) by extensions ['colcon_meta']
[0.583s] Level 1:colcon.colcon_core.package_identification:_identify(/home/hoanglong/myrobot_ws/slam_run3) by extension 'colcon_meta'
[0.583s] Level 1:colcon.colcon_core.package_identification:_identify(/home/hoanglong/myrobot_ws/slam_run3) by extensions ['ros']
[0.583s] Level 1:colcon.colcon_core.package_identification:_identify(/home/hoanglong/myrobot_ws/slam_run3) by extension 'ros'
[0.583s] Level 1:colcon.colcon_core.package_identification:_identify(/home/hoanglong/myrobot_ws/slam_run3) by extensions ['cmake', 'python']
[0.583s] Level 1:colcon.colcon_core.package_identification:_identify(/home/hoanglong/myrobot_ws/slam_run3) by extension 'cmake'
[0.583s] Level 1:colcon.colcon_core.package_identification:_identify(/home/hoanglong/myrobot_ws/slam_run3) by extension 'python'
[0.583s] Level 1:colcon.colcon_core.package_identification:_identify(/home/hoanglong/myrobot_ws/slam_run3) by extensions ['python_setup_py']
[0.583s] Level 1:colcon.colcon_core.package_identification:_identify(/home/hoanglong/myrobot_ws/slam_run3) by extension 'python_setup_py'
[0.583s] Level 1:colcon.colcon_core.package_identification:_identify(/home/hoanglong/myrobot_ws/slam_run4) by extensions ['ignore', 'ignore_ament_install']
[0.583s] Level 1:colcon.colcon_core.package_identification:_identify(/home/hoanglong/myrobot_ws/slam_run4) by extension 'ignore'
[0.583s] Level 1:colcon.colcon_core.package_identification:_identify(/home/hoanglong/myrobot_ws/slam_run4) by extension 'ignore_ament_install'
[0.583s] Level 1:colcon.colcon_core.package_identification:_identify(/home/hoanglong/myrobot_ws/slam_run4) by extensions ['colcon_pkg']
[0.583s] Level 1:colcon.colcon_core.package_identification:_identify(/home/hoanglong/myrobot_ws/slam_run4) by extension 'colcon_pkg'
[0.583s] Level 1:colcon.colcon_core.package_identification:_identify(/home/hoanglong/myrobot_ws/slam_run4) by extensions ['colcon_meta']
[0.583s] Level 1:colcon.colcon_core.package_identification:_identify(/home/hoanglong/myrobot_ws/slam_run4) by extension 'colcon_meta'
[0.583s] Level 1:colcon.colcon_core.package_identification:_identify(/home/hoanglong/myrobot_ws/slam_run4) by extensions ['ros']
[0.583s] Level 1:colcon.colcon_core.package_identification:_identify(/home/hoanglong/myrobot_ws/slam_run4) by extension 'ros'
[0.583s] Level 1:colcon.colcon_core.package_identification:_identify(/home/hoanglong/myrobot_ws/slam_run4) by extensions ['cmake', 'python']
[0.583s] Level 1:colcon.colcon_core.package_identification:_identify(/home/hoanglong/myrobot_ws/slam_run4) by extension 'cmake'
[0.583s] Level 1:colcon.colcon_core.package_identification:_identify(/home/hoanglong/myrobot_ws/slam_run4) by extension 'python'
[0.583s] Level 1:colcon.colcon_core.package_identification:_identify(/home/hoanglong/myrobot_ws/slam_run4) by extensions ['python_setup_py']
[0.583s] Level 1:colcon.colcon_core.package_identification:_identify(/home/hoanglong/myrobot_ws/slam_run4) by extension 'python_setup_py'
[0.583s] Level 1:colcon.colcon_core.package_identification:_identify(/home/hoanglong/myrobot_ws/slam_run5) by extensions ['ignore', 'ignore_ament_install']
[0.584s] Level 1:colcon.colcon_core.package_identification:_identify(/home/hoanglong/myrobot_ws/slam_run5) by extension 'ignore'
[0.584s] Level 1:colcon.colcon_core.package_identification:_identify(/home/hoanglong/myrobot_ws/slam_run5) by extension 'ignore_ament_install'
[0.584s] Level 1:colcon.colcon_core.package_identification:_identify(/home/hoanglong/myrobot_ws/slam_run5) by extensions ['colcon_pkg']
[0.584s] Level 1:colcon.colcon_core.package_identification:_identify(/home/hoanglong/myrobot_ws/slam_run5) by extension 'colcon_pkg'
[0.584s] Level 1:colcon.colcon_core.package_identification:_identify(/home/hoanglong/myrobot_ws/slam_run5) by extensions ['colcon_meta']
[0.584s] Level 1:colcon.colcon_core.package_identification:_identify(/home/hoanglong/myrobot_ws/slam_run5) by extension 'colcon_meta'
[0.584s] Level 1:colcon.colcon_core.package_identification:_identify(/home/hoanglong/myrobot_ws/slam_run5) by extensions ['ros']
[0.584s] Level 1:colcon.colcon_core.package_identification:_identify(/home/hoanglong/myrobot_ws/slam_run5) by extension 'ros'
[0.585s] Level 1:colcon.colcon_core.package_identification:_identify(/home/hoanglong/myrobot_ws/slam_run5) by extensions ['cmake', 'python']
[0.585s] Level 1:colcon.colcon_core.package_identification:_identify(/home/hoanglong/myrobot_ws/slam_run5) by extension 'cmake'
[0.585s] Level 1:colcon.colcon_core.package_identification:_identify(/home/hoanglong/myrobot_ws/slam_run5) by extension 'python'
[0.585s] Level 1:colcon.colcon_core.package_identification:_identify(/home/hoanglong/myrobot_ws/slam_run5) by extensions ['python_setup_py']
[0.585s] Level 1:colcon.colcon_core.package_identification:_identify(/home/hoanglong/myrobot_ws/slam_run5) by extension 'python_setup_py'
[0.585s] Level 1:colcon.colcon_core.package_identification:_identify(/home/hoanglong/myrobot_ws/slam_run6) by extensions ['ignore', 'ignore_ament_install']
[0.585s] Level 1:colcon.colcon_core.package_identification:_identify(/home/hoanglong/myrobot_ws/slam_run6) by extension 'ignore'
[0.585s] Level 1:colcon.colcon_core.package_identification:_identify(/home/hoanglong/myrobot_ws/slam_run6) by extension 'ignore_ament_install'
[0.585s] Level 1:colcon.colcon_core.package_identification:_identify(/home/hoanglong/myrobot_ws/slam_run6) by extensions ['colcon_pkg']
[0.585s] Level 1:colcon.colcon_core.package_identification:_identify(/home/hoanglong/myrobot_ws/slam_run6) by extension 'colcon_pkg'
[0.585s] Level 1:colcon.colcon_core.package_identification:_identify(/home/hoanglong/myrobot_ws/slam_run6) by extensions ['colcon_meta']
[0.585s] Level 1:colcon.colcon_core.package_identification:_identify(/home/hoanglong/myrobot_ws/slam_run6) by extension 'colcon_meta'
[0.585s] Level 1:colcon.colcon_core.package_identification:_identify(/home/hoanglong/myrobot_ws/slam_run6) by extensions ['ros']
[0.585s] Level 1:colcon.colcon_core.package_identification:_identify(/home/hoanglong/myrobot_ws/slam_run6) by extension 'ros'
[0.585s] Level 1:colcon.colcon_core.package_identification:_identify(/home/hoanglong/myrobot_ws/slam_run6) by extensions ['cmake', 'python']
[0.585s] Level 1:colcon.colcon_core.package_identification:_identify(/home/hoanglong/myrobot_ws/slam_run6) by extension 'cmake'
[0.585s] Level 1:colcon.colcon_core.package_identification:_identify(/home/hoanglong/myrobot_ws/slam_run6) by extension 'python'
[0.585s] Level 1:colcon.colcon_core.package_identification:_identify(/home/hoanglong/myrobot_ws/slam_run6) by extensions ['python_setup_py']
[0.585s] Level 1:colcon.colcon_core.package_identification:_identify(/home/hoanglong/myrobot_ws/slam_run6) by extension 'python_setup_py'
[0.585s] Level 1:colcon.colcon_core.package_identification:_identify(/home/hoanglong/myrobot_ws/slam_run7) by extensions ['ignore', 'ignore_ament_install']
[0.585s] Level 1:colcon.colcon_core.package_identification:_identify(/home/hoanglong/myrobot_ws/slam_run7) by extension 'ignore'
[0.585s] Level 1:colcon.colcon_core.package_identification:_identify(/home/hoanglong/myrobot_ws/slam_run7) by extension 'ignore_ament_install'
[0.585s] Level 1:colcon.colcon_core.package_identification:_identify(/home/hoanglong/myrobot_ws/slam_run7) by extensions ['colcon_pkg']
[0.585s] Level 1:colcon.colcon_core.package_identification:_identify(/home/hoanglong/myrobot_ws/slam_run7) by extension 'colcon_pkg'
[0.585s] Level 1:colcon.colcon_core.package_identification:_identify(/home/hoanglong/myrobot_ws/slam_run7) by extensions ['colcon_meta']
[0.585s] Level 1:colcon.colcon_core.package_identification:_identify(/home/hoanglong/myrobot_ws/slam_run7) by extension 'colcon_meta'
[0.585s] Level 1:colcon.colcon_core.package_identification:_identify(/home/hoanglong/myrobot_ws/slam_run7) by extensions ['ros']
[0.586s] Level 1:colcon.colcon_core.package_identification:_identify(/home/hoanglong/myrobot_ws/slam_run7) by extension 'ros'
[0.586s] Level 1:colcon.colcon_core.package_identification:_identify(/home/hoanglong/myrobot_ws/slam_run7) by extensions ['cmake', 'python']
[0.586s] Level 1:colcon.colcon_core.package_identification:_identify(/home/hoanglong/myrobot_ws/slam_run7) by extension 'cmake'
[0.586s] Level 1:colcon.colcon_core.package_identification:_identify(/home/hoanglong/myrobot_ws/slam_run7) by extension 'python'
[0.586s] Level 1:colcon.colcon_core.package_identification:_identify(/home/hoanglong/myrobot_ws/slam_run7) by extensions ['python_setup_py']
[0.586s] Level 1:colcon.colcon_core.package_identification:_identify(/home/hoanglong/myrobot_ws/slam_run7) by extension 'python_setup_py'
[0.586s] Level 1:colcon.colcon_core.package_identification:_identify(/home/hoanglong/myrobot_ws/src) by extensions ['ignore', 'ignore_ament_install']
[0.586s] Level 1:colcon.colcon_core.package_identification:_identify(/home/hoanglong/myrobot_ws/src) by extension 'ignore'
[0.586s] Level 1:colcon.colcon_core.package_identification:_identify(/home/hoanglong/myrobot_ws/src) by extension 'ignore_ament_install'
[0.586s] Level 1:colcon.colcon_core.package_identification:_identify(/home/hoanglong/myrobot_ws/src) by extensions ['colcon_pkg']
[0.586s] Level 1:colcon.colcon_core.package_identification:_identify(/home/hoanglong/myrobot_ws/src) by extension 'colcon_pkg'
[0.586s] Level 1:colcon.colcon_core.package_identification:_identify(/home/hoanglong/myrobot_ws/src) by extensions ['colcon_meta']
[0.586s] Level 1:colcon.colcon_core.package_identification:_identify(/home/hoanglong/myrobot_ws/src) by extension 'colcon_meta'
[0.586s] Level 1:colcon.colcon_core.package_identification:_identify(/home/hoanglong/myrobot_ws/src) by extensions ['ros']
[0.586s] Level 1:colcon.colcon_core.package_identification:_identify(/home/hoanglong/myrobot_ws/src) by extension 'ros'
[0.586s] Level 1:colcon.colcon_core.package_identification:_identify(/home/hoanglong/myrobot_ws/src) by extensions ['cmake', 'python']
[0.586s] Level 1:colcon.colcon_core.package_identification:_identify(/home/hoanglong/myrobot_ws/src) by extension 'cmake'
[0.586s] Level 1:colcon.colcon_core.package_identification:_identify(/home/hoanglong/myrobot_ws/src) by extension 'python'
[0.586s] Level 1:colcon.colcon_core.package_identification:_identify(/home/hoanglong/myrobot_ws/src) by extensions ['python_setup_py']
[0.586s] Level 1:colcon.colcon_core.package_identification:_identify(/home/hoanglong/myrobot_ws/src) by extension 'python_setup_py'
[0.586s] Level 1:colcon.colcon_core.package_identification:_identify(/home/hoanglong/myrobot_ws/src/build) by extensions ['ignore', 'ignore_ament_install']
[0.586s] Level 1:colcon.colcon_core.package_identification:_identify(/home/hoanglong/myrobot_ws/src/build) by extension 'ignore'
[0.586s] Level 1:colcon.colcon_core.package_identification:_identify(/home/hoanglong/myrobot_ws/src/build) ignored
[0.586s] Level 1:colcon.colcon_core.package_identification:_identify(/home/hoanglong/myrobot_ws/src/install) by extensions ['ignore', 'ignore_ament_install']
[0.587s] Level 1:colcon.colcon_core.package_identification:_identify(/home/hoanglong/myrobot_ws/src/install) by extension 'ignore'
[0.587s] Level 1:colcon.colcon_core.package_identification:_identify(/home/hoanglong/myrobot_ws/src/install) ignored
[0.587s] Level 1:colcon.colcon_core.package_identification:_identify(/home/hoanglong/myrobot_ws/src/log) by extensions ['ignore', 'ignore_ament_install']
[0.587s] Level 1:colcon.colcon_core.package_identification:_identify(/home/hoanglong/myrobot_ws/src/log) by extension 'ignore'
[0.587s] Level 1:colcon.colcon_core.package_identification:_identify(/home/hoanglong/myrobot_ws/src/log) ignored
[0.587s] Level 1:colcon.colcon_core.package_identification:_identify(/home/hoanglong/myrobot_ws/src/robot_model) by extensions ['ignore', 'ignore_ament_install']
[0.587s] Level 1:colcon.colcon_core.package_identification:_identify(/home/hoanglong/myrobot_ws/src/robot_model) by extension 'ignore'
[0.587s] Level 1:colcon.colcon_core.package_identification:_identify(/home/hoanglong/myrobot_ws/src/robot_model) by extension 'ignore_ament_install'
[0.587s] Level 1:colcon.colcon_core.package_identification:_identify(/home/hoanglong/myrobot_ws/src/robot_model) by extensions ['colcon_pkg']
[0.589s] Level 1:colcon.colcon_core.package_identification:_identify(/home/hoanglong/myrobot_ws/src/robot_model) by extension 'colcon_pkg'
[0.590s] Level 1:colcon.colcon_core.package_identification:_identify(/home/hoanglong/myrobot_ws/src/robot_model) by extensions ['colcon_meta']
[0.590s] Level 1:colcon.colcon_core.package_identification:_identify(/home/hoanglong/myrobot_ws/src/robot_model) by extension 'colcon_meta'
[0.590s] Level 1:colcon.colcon_core.package_identification:_identify(/home/hoanglong/myrobot_ws/src/robot_model) by extensions ['ros']
[0.590s] Level 1:colcon.colcon_core.package_identification:_identify(/home/hoanglong/myrobot_ws/src/robot_model) by extension 'ros'
[0.596s] DEBUG:colcon.colcon_core.package_identification:Package '/home/hoanglong/myrobot_ws/src/robot_model' with type 'ros.ament_cmake' and name 'robot_model'
[0.600s] Level 1:colcon.colcon_core.package_discovery:discover_packages(recursive) using defaults
