[0.014s] Invoking command in '/home/hoanglong/myrobot_ws/build/robot_model': CMAKE_PREFIX_PATH=${CMAKE_PREFIX_PATH}:/home/hoanglong/turtlebot3_ws/install/turtlebot3_teleop:/home/hoanglong/turtlebot3_ws/install/turtlebot3_example:/home/hoanglong/my_ws/install/my_robot:/opt/ros/humble /usr/bin/cmake /home/hoanglong/myrobot_ws/src/robot_model -DAMENT_CMAKE_SYMLINK_INSTALL=1 -DCMAKE_INSTALL_PREFIX=/home/hoanglong/myrobot_ws/install/robot_model
[0.025s] -- Found ament_cmake: 1.3.11 (/opt/ros/humble/share/ament_cmake/cmake)
[0.121s] -- Override CMake install command with custom implementation using symlinks instead of copying resources
[0.128s] -- Found ament_lint_auto: 0.12.11 (/opt/ros/humble/share/ament_lint_auto/cmake)
[0.183s] -- Added test 'copyright' to check source files copyright and LICENSE
[0.184s] -- Added test 'flake8' to check Python code syntax and style conventions
[0.184s] -- Added test 'lint_cmake' to check CMake code style
[0.185s] -- Added test 'pep257' to check Python code against some of the docstring style conventions in PEP 257
[0.186s] -- Added test 'xmllint' to check XML markup files
[0.186s] -- Configuring done
[0.195s] -- Generating done
[0.197s] -- Build files have been written to: /home/hoanglong/myrobot_ws/build/robot_model
[0.200s] Invoked command in '/home/hoanglong/myrobot_ws/build/robot_model' returned '0': CMAKE_PREFIX_PATH=${CMAKE_PREFIX_PATH}:/home/hoanglong/turtlebot3_ws/install/turtlebot3_teleop:/home/hoanglong/turtlebot3_ws/install/turtlebot3_example:/home/hoanglong/my_ws/install/my_robot:/opt/ros/humble /usr/bin/cmake /home/hoanglong/myrobot_ws/src/robot_model -DAMENT_CMAKE_SYMLINK_INSTALL=1 -DCMAKE_INSTALL_PREFIX=/home/hoanglong/myrobot_ws/install/robot_model
[0.202s] Invoking command in '/home/hoanglong/myrobot_ws/build/robot_model': CMAKE_PREFIX_PATH=${CMAKE_PREFIX_PATH}:/home/hoanglong/turtlebot3_ws/install/turtlebot3_teleop:/home/hoanglong/turtlebot3_ws/install/turtlebot3_example:/home/hoanglong/my_ws/install/my_robot:/opt/ros/humble /usr/bin/cmake --build /home/hoanglong/myrobot_ws/build/robot_model -- -j2 -l2
[0.247s] Invoked command in '/home/hoanglong/myrobot_ws/build/robot_model' returned '0': CMAKE_PREFIX_PATH=${CMAKE_PREFIX_PATH}:/home/hoanglong/turtlebot3_ws/install/turtlebot3_teleop:/home/hoanglong/turtlebot3_ws/install/turtlebot3_example:/home/hoanglong/my_ws/install/my_robot:/opt/ros/humble /usr/bin/cmake --build /home/hoanglong/myrobot_ws/build/robot_model -- -j2 -l2
[0.257s] Invoking command in '/home/hoanglong/myrobot_ws/build/robot_model': CMAKE_PREFIX_PATH=${CMAKE_PREFIX_PATH}:/home/hoanglong/turtlebot3_ws/install/turtlebot3_teleop:/home/hoanglong/turtlebot3_ws/install/turtlebot3_example:/home/hoanglong/my_ws/install/my_robot:/opt/ros/humble /usr/bin/cmake --install /home/hoanglong/myrobot_ws/build/robot_model
[0.267s] -- Install configuration: ""
[0.267s] -- Execute custom install script
[0.267s] -- Up-to-date symlink: /home/hoanglong/myrobot_ws/install/robot_model/share/robot_model/config/drive_bot.rviz
[0.268s] -- Up-to-date symlink: /home/hoanglong/myrobot_ws/install/robot_model/share/robot_model/description/gazebo_control.xacro
[0.268s] -- Up-to-date symlink: /home/hoanglong/myrobot_ws/install/robot_model/share/robot_model/description/inertial_macros.xacro
[0.268s] -- Up-to-date symlink: /home/hoanglong/myrobot_ws/install/robot_model/share/robot_model/description/lidar.xacro
[0.268s] -- Up-to-date symlink: /home/hoanglong/myrobot_ws/install/robot_model/share/robot_model/description/robot.urdf.xacro
[0.269s] -- Up-to-date symlink: /home/hoanglong/myrobot_ws/install/robot_model/share/robot_model/description/robot_core.xacro
[0.269s] -- Up-to-date symlink: /home/hoanglong/myrobot_ws/install/robot_model/share/robot_model/launch/rsp.launch.py
[0.269s] -- Up-to-date symlink: /home/hoanglong/myrobot_ws/install/robot_model/share/robot_model/launch/rsp_sim.launch.py
[0.269s] -- Up-to-date symlink: /home/hoanglong/myrobot_ws/install/robot_model/share/robot_model/worlds/obstacle.world
[0.269s] -- Up-to-date symlink: /home/hoanglong/myrobot_ws/install/robot_model/share/ament_index/resource_index/package_run_dependencies/robot_model
[0.270s] -- Up-to-date symlink: /home/hoanglong/myrobot_ws/install/robot_model/share/ament_index/resource_index/parent_prefix_path/robot_model
[0.270s] -- Up-to-date symlink: /home/hoanglong/myrobot_ws/install/robot_model/share/robot_model/environment/ament_prefix_path.sh
[0.270s] -- Up-to-date symlink: /home/hoanglong/myrobot_ws/install/robot_model/share/robot_model/environment/ament_prefix_path.dsv
[0.270s] -- Up-to-date symlink: /home/hoanglong/myrobot_ws/install/robot_model/share/robot_model/environment/path.sh
[0.271s] -- Up-to-date symlink: /home/hoanglong/myrobot_ws/install/robot_model/share/robot_model/environment/path.dsv
[0.271s] -- Up-to-date symlink: /home/hoanglong/myrobot_ws/install/robot_model/share/robot_model/local_setup.bash
[0.271s] -- Up-to-date symlink: /home/hoanglong/myrobot_ws/install/robot_model/share/robot_model/local_setup.sh
[0.271s] -- Up-to-date symlink: /home/hoanglong/myrobot_ws/install/robot_model/share/robot_model/local_setup.zsh
[0.271s] -- Up-to-date symlink: /home/hoanglong/myrobot_ws/install/robot_model/share/robot_model/local_setup.dsv
[0.271s] -- Symlinking: /home/hoanglong/myrobot_ws/install/robot_model/share/robot_model/package.dsv
[0.281s] -- Up-to-date symlink: /home/hoanglong/myrobot_ws/install/robot_model/share/ament_index/resource_index/packages/robot_model
[0.281s] -- Up-to-date symlink: /home/hoanglong/myrobot_ws/install/robot_model/share/robot_model/cmake/robot_modelConfig.cmake
[0.281s] -- Up-to-date symlink: /home/hoanglong/myrobot_ws/install/robot_model/share/robot_model/cmake/robot_modelConfig-version.cmake
[0.281s] -- Up-to-date symlink: /home/hoanglong/myrobot_ws/install/robot_model/share/robot_model/package.xml
[0.284s] Invoked command in '/home/hoanglong/myrobot_ws/build/robot_model' returned '0': CMAKE_PREFIX_PATH=${CMAKE_PREFIX_PATH}:/home/hoanglong/turtlebot3_ws/install/turtlebot3_teleop:/home/hoanglong/turtlebot3_ws/install/turtlebot3_example:/home/hoanglong/my_ws/install/my_robot:/opt/ros/humble /usr/bin/cmake --install /home/hoanglong/myrobot_ws/build/robot_model
